<!DOCTYPE html PUBLIC "-//W3C//DTD XHTML 1.1//EN" "http://www.w3.org/TR/xhtml11/DTD/xhtml11.dtd">
<html xmlns="http://www.w3.org/1999/xhtml">
<head>
  <meta http-equiv="Content-Type" content="text/html;" />
  <title>TEST REPORT | TDOG C++ xUnit Testing Framework</title>
  <style type="text/css">
    th {background-color:silver; font-weight:bold; border-style:solid; border-width:thin}
    td {border-style:solid; border-width:thin}
    .pass-cell-col {background-color:lightgreen}
    .warn-cell-col {background-color:yellow}
    .fail-cell-col {background-color:red}
  </style>
</head>
<body>
  <h1 style="margin-bottom:0;">TEST REPORT</h1>
  <p style="margin-top:0;">TDOG C++ xUnit Testing Framework 3.0</p>
  <p>
    <strong>PROJECT: </strong>TDOG C++ xUnit Testing Framework<br/>
    <strong>Version: </strong>3.0<br/>
    <strong>Hostname: </strong>STARONE<br/>
    <strong>Platform: </strong>LINUX 64-bit<br/>
    <strong>Start Time: </strong>2016-03-15 09:04:33<br/>
  </p>
  <p>Reports in TEXT, HTML and XML format will be generated<br/>under &apos;./reports&apos;. This location should pre-exist in the<br/>working directory.</p>  <h2>Report Contents</h2>
  <ul>
    <li><a href="#anchor_main"><strong>Test Run Results</strong></a></li>
    <li><a href="#anchor_suite_">DEFAULT SUITE</a></li>
    <li><a href="#anchor_suite_assert_suite">assert_suite</a></li>
    <li><a href="#anchor_suite_discontig_suite">discontig_suite</a></li>
    <li><a href="#anchor_suite_error_suite">error_suite</a></li>
    <li><a href="#anchor_suite_example_suite">example_suite</a></li>
    <li><a href="#anchor_suite_example_suite::beast_suite">example_suite::beast_suite</a></li>
    <li><a href="#anchor_suite_fixture_suite">fixture_suite</a></li>
    <li><a href="#anchor_suite_message_suite">message_suite</a></li>
    <li><a href="#anchor_suite_naming_suite">naming_suite</a></li>
    <li><a href="#anchor_suite_repeated_suite">repeated_suite</a></li>
    <li><a href="#anchor_suite_runner_suite">runner_suite</a></li>
    <li><a href="#anchor_suite_size_suite">size_suite</a></li>
    <li><a href="#anchor_suite_status_suite">status_suite</a></li>
    <li><a href="#anchor_suite_timing_suite">timing_suite</a></li>
  </ul>
  <ul>
    <li><a href="#anchor_test_stats"><strong>Statistical Results</strong></a></li>
    <li><a href="#anchor_fail_details">Output: Test Failures</a></li>
    <li><a href="#anchor_error_details">Output: Test Errors</a></li>
    <li><a href="#anchor_pass_details">Output: Test Passes</a></li>
    <li><a href="#anchor_skipped_tests">Skipped or Disabled Tests</a></li>
  </ul>
  <p id="anchor_main"></p>
  <h2>Test Run Results</h2>
  <p id="anchor_suite_"></p>
  <h3>DEFAULT SUITE</h3>
  <table style="width:75%; max-width:100em">
    <tr>
      <th>Test Name</th>
      <th style="width:15%">Author</th>
      <th style="width:8%">Type</th>
      <th style="width:15%">Start Time</th>
      <th style="width:16%">Duration</th>
      <th style="width:12%">Result</th>
    </tr>
    <tr>
      <td><a href="#anchor_setup_global_01">setup_global_01</a></td>
      <td></td>
      <td>TEST</td>
      <td>2016-03-15 09:04:33</td>
      <td>0 sec, 0 ms</td>
      <td class="pass-cell-col">PASS (OK)</td>
    </tr>
    <tr>
      <td><a href="#anchor_setup_global_02">setup_global_02</a></td>
      <td></td>
      <td>TEST</td>
      <td>2016-03-15 09:04:33</td>
      <td>0 sec, 0 ms</td>
      <td class="pass-cell-col">PASS (OK)</td>
    </tr>
    <tr>
      <td><a href="#anchor_default_namespace_test">default_namespace_test</a></td>
      <td></td>
      <td>TEST</td>
      <td>2016-03-15 09:04:33</td>
      <td>0 sec, 1 ms</td>
      <td class="pass-cell-col">PASS (OK)</td>
    </tr>
  </table>
  <p id="anchor_suite_assert_suite"></p>
  <h3>SUITE: assert_suite</h3>
  <table style="width:75%; max-width:100em">
    <tr>
      <th>Test Name</th>
      <th style="width:15%">Author</th>
      <th style="width:8%">Type</th>
      <th style="width:15%">Start Time</th>
      <th style="width:16%">Duration</th>
      <th style="width:12%">Result</th>
    </tr>
    <tr>
      <td><a href="#anchor_assert_suite::assert_positive">assert_suite::assert_positive</a></td>
      <td>Andy Thomas</td>
      <td>TEST</td>
      <td>2016-03-15 09:04:33</td>
      <td>0 sec, 4 ms</td>
      <td class="pass-cell-col">PASS (OK)</td>
    </tr>
    <tr>
      <td><a href="#anchor_assert_suite::assert_not_positive">assert_suite::assert_not_positive</a></td>
      <td>Andy Thomas</td>
      <td>TEST</td>
      <td>2016-03-15 09:04:33</td>
      <td>0 sec, 3 ms</td>
      <td class="pass-cell-col">PASS (OK)</td>
    </tr>
    <tr>
      <td><a href="#anchor_assert_suite::assert_eq_positive">assert_suite::assert_eq_positive</a></td>
      <td>Andy Thomas</td>
      <td>TEST</td>
      <td>2016-03-15 09:04:33</td>
      <td>0 sec, 3 ms</td>
      <td class="pass-cell-col">PASS (OK)</td>
    </tr>
    <tr>
      <td><a href="#anchor_assert_suite::assert_neq_positive">assert_suite::assert_neq_positive</a></td>
      <td>Andy Thomas</td>
      <td>TEST</td>
      <td>2016-03-15 09:04:33</td>
      <td>0 sec, 4 ms</td>
      <td class="pass-cell-col">PASS (OK)</td>
    </tr>
    <tr>
      <td><a href="#anchor_assert_suite::assert_lt_positive">assert_suite::assert_lt_positive</a></td>
      <td>Andy Thomas</td>
      <td>TEST</td>
      <td>2016-03-15 09:04:33</td>
      <td>0 sec, 3 ms</td>
      <td class="pass-cell-col">PASS (OK)</td>
    </tr>
    <tr>
      <td><a href="#anchor_assert_suite::assert_lte_positive">assert_suite::assert_lte_positive</a></td>
      <td>Andy Thomas</td>
      <td>TEST</td>
      <td>2016-03-15 09:04:33</td>
      <td>0 sec, 4 ms</td>
      <td class="pass-cell-col">PASS (OK)</td>
    </tr>
    <tr>
      <td><a href="#anchor_assert_suite::assert_gt_positive">assert_suite::assert_gt_positive</a></td>
      <td>Andy Thomas</td>
      <td>TEST</td>
      <td>2016-03-15 09:04:33</td>
      <td>0 sec, 3 ms</td>
      <td class="pass-cell-col">PASS (OK)</td>
    </tr>
    <tr>
      <td><a href="#anchor_assert_suite::assert_gte_positive">assert_suite::assert_gte_positive</a></td>
      <td>Andy Thomas</td>
      <td>TEST</td>
      <td>2016-03-15 09:04:33</td>
      <td>0 sec, 3 ms</td>
      <td class="pass-cell-col">PASS (OK)</td>
    </tr>
    <tr>
      <td><a href="#anchor_assert_suite::assert_double_eq_positive">assert_suite::assert_double_eq_positive</a></td>
      <td>Andy Thomas</td>
      <td>TEST</td>
      <td>2016-03-15 09:04:33</td>
      <td>0 sec, 3 ms</td>
      <td class="pass-cell-col">PASS (OK)</td>
    </tr>
    <tr>
      <td><a href="#anchor_assert_suite::assert_double_neq_positive">assert_suite::assert_double_neq_positive</a></td>
      <td>Andy Thomas</td>
      <td>TEST</td>
      <td>2016-03-15 09:04:33</td>
      <td>0 sec, 3 ms</td>
      <td class="pass-cell-col">PASS (OK)</td>
    </tr>
    <tr>
      <td><a href="#anchor_assert_suite::assert_stric_eq_positive">assert_suite::assert_stric_eq_positive</a></td>
      <td>Andy Thomas</td>
      <td>TEST</td>
      <td>2016-03-15 09:04:34</td>
      <td>0 sec, 3 ms</td>
      <td class="pass-cell-col">PASS (OK)</td>
    </tr>
    <tr>
      <td><a href="#anchor_assert_suite::assert_stric_neq_positive">assert_suite::assert_stric_neq_positive</a></td>
      <td>Andy Thomas</td>
      <td>TEST</td>
      <td>2016-03-15 09:04:34</td>
      <td>0 sec, 3 ms</td>
      <td class="pass-cell-col">PASS (OK)</td>
    </tr>
    <tr>
      <td><a href="#anchor_assert_suite::assert_array_eq_positive">assert_suite::assert_array_eq_positive</a></td>
      <td>Andy Thomas</td>
      <td>TEST</td>
      <td>2016-03-15 09:04:34</td>
      <td>0 sec, 3 ms</td>
      <td class="pass-cell-col">PASS (OK)</td>
    </tr>
    <tr>
      <td><a href="#anchor_assert_suite::assert_array_neq_positive">assert_suite::assert_array_neq_positive</a></td>
      <td>Andy Thomas</td>
      <td>TEST</td>
      <td>2016-03-15 09:04:34</td>
      <td>0 sec, 3 ms</td>
      <td class="pass-cell-col">PASS (OK)</td>
    </tr>
    <tr>
      <td><a href="#anchor_assert_suite::assert_throw_positive">assert_suite::assert_throw_positive</a></td>
      <td>Andy Thomas</td>
      <td>TEST</td>
      <td>2016-03-15 09:04:34</td>
      <td>0 sec, 3 ms</td>
      <td class="pass-cell-col">PASS (OK)</td>
    </tr>
    <tr>
      <td><a href="#anchor_assert_suite::assert_no_throw_positive">assert_suite::assert_no_throw_positive</a></td>
      <td>Andy Thomas</td>
      <td>TEST</td>
      <td>2016-03-15 09:04:34</td>
      <td>0 sec, 2 ms</td>
      <td class="pass-cell-col">PASS (OK)</td>
    </tr>
    <tr>
      <td><a href="#anchor_assert_suite::assert_negative">assert_suite::assert_negative</a></td>
      <td>Andy Thomas</td>
      <td>TEST</td>
      <td>2016-03-15 09:04:34</td>
      <td>0 sec, 4 ms</td>
      <td class="pass-cell-col">PASS (OK)</td>
    </tr>
    <tr>
      <td><a href="#anchor_assert_suite::assert_not_negative">assert_suite::assert_not_negative</a></td>
      <td>Andy Thomas</td>
      <td>TEST</td>
      <td>2016-03-15 09:04:34</td>
      <td>0 sec, 4 ms</td>
      <td class="pass-cell-col">PASS (OK)</td>
    </tr>
    <tr>
      <td><a href="#anchor_assert_suite::assert_eq_negative">assert_suite::assert_eq_negative</a></td>
      <td>Andy Thomas</td>
      <td>TEST</td>
      <td>2016-03-15 09:04:34</td>
      <td>0 sec, 3 ms</td>
      <td class="pass-cell-col">PASS (OK)</td>
    </tr>
    <tr>
      <td><a href="#anchor_assert_suite::assert_neq_negative">assert_suite::assert_neq_negative</a></td>
      <td>Andy Thomas</td>
      <td>TEST</td>
      <td>2016-03-15 09:04:34</td>
      <td>0 sec, 4 ms</td>
      <td class="pass-cell-col">PASS (OK)</td>
    </tr>
    <tr>
      <td><a href="#anchor_assert_suite::assert_lt_negative">assert_suite::assert_lt_negative</a></td>
      <td>Andy Thomas</td>
      <td>TEST</td>
      <td>2016-03-15 09:04:34</td>
      <td>0 sec, 3 ms</td>
      <td class="pass-cell-col">PASS (OK)</td>
    </tr>
    <tr>
      <td><a href="#anchor_assert_suite::assert_lte_negative">assert_suite::assert_lte_negative</a></td>
      <td>Andy Thomas</td>
      <td>TEST</td>
      <td>2016-03-15 09:04:34</td>
      <td>0 sec, 3 ms</td>
      <td class="pass-cell-col">PASS (OK)</td>
    </tr>
    <tr>
      <td><a href="#anchor_assert_suite::assert_gt_negative">assert_suite::assert_gt_negative</a></td>
      <td>Andy Thomas</td>
      <td>TEST</td>
      <td>2016-03-15 09:04:34</td>
      <td>0 sec, 3 ms</td>
      <td class="pass-cell-col">PASS (OK)</td>
    </tr>
    <tr>
      <td><a href="#anchor_assert_suite::assert_gte_negative">assert_suite::assert_gte_negative</a></td>
      <td>Andy Thomas</td>
      <td>TEST</td>
      <td>2016-03-15 09:04:34</td>
      <td>0 sec, 2 ms</td>
      <td class="pass-cell-col">PASS (OK)</td>
    </tr>
    <tr>
      <td><a href="#anchor_assert_suite::assert_double_eq_negative">assert_suite::assert_double_eq_negative</a></td>
      <td>Andy Thomas</td>
      <td>TEST</td>
      <td>2016-03-15 09:04:34</td>
      <td>0 sec, 3 ms</td>
      <td class="pass-cell-col">PASS (OK)</td>
    </tr>
    <tr>
      <td><a href="#anchor_assert_suite::assert_double_neq_negative">assert_suite::assert_double_neq_negative</a></td>
      <td>Andy Thomas</td>
      <td>TEST</td>
      <td>2016-03-15 09:04:34</td>
      <td>0 sec, 5 ms</td>
      <td class="pass-cell-col">PASS (OK)</td>
    </tr>
    <tr>
      <td><a href="#anchor_assert_suite::assert_stric_eq_negative">assert_suite::assert_stric_eq_negative</a></td>
      <td>Andy Thomas</td>
      <td>TEST</td>
      <td>2016-03-15 09:04:34</td>
      <td>0 sec, 3 ms</td>
      <td class="pass-cell-col">PASS (OK)</td>
    </tr>
    <tr>
      <td><a href="#anchor_assert_suite::assert_stric_neq_negative">assert_suite::assert_stric_neq_negative</a></td>
      <td>Andy Thomas</td>
      <td>TEST</td>
      <td>2016-03-15 09:04:34</td>
      <td>0 sec, 3 ms</td>
      <td class="pass-cell-col">PASS (OK)</td>
    </tr>
    <tr>
      <td><a href="#anchor_assert_suite::assert_array_eq_negative">assert_suite::assert_array_eq_negative</a></td>
      <td>Andy Thomas</td>
      <td>TEST</td>
      <td>2016-03-15 09:04:34</td>
      <td>0 sec, 4 ms</td>
      <td class="pass-cell-col">PASS (OK)</td>
    </tr>
    <tr>
      <td><a href="#anchor_assert_suite::assert_array_neq_negative">assert_suite::assert_array_neq_negative</a></td>
      <td>Andy Thomas</td>
      <td>TEST</td>
      <td>2016-03-15 09:04:34</td>
      <td>0 sec, 3 ms</td>
      <td class="pass-cell-col">PASS (OK)</td>
    </tr>
    <tr>
      <td><a href="#anchor_assert_suite::assert_throw_negative">assert_suite::assert_throw_negative</a></td>
      <td>Andy Thomas</td>
      <td>TEST</td>
      <td>2016-03-15 09:04:34</td>
      <td>0 sec, 2 ms</td>
      <td class="pass-cell-col">PASS (OK)</td>
    </tr>
    <tr>
      <td><a href="#anchor_assert_suite::assert_no_throw_negative">assert_suite::assert_no_throw_negative</a></td>
      <td>Andy Thomas</td>
      <td>TEST</td>
      <td>2016-03-15 09:04:34</td>
      <td>0 sec, 3 ms</td>
      <td class="pass-cell-col">PASS (OK)</td>
    </tr>
    <tr>
      <td><a href="#anchor_assert_suite::force_fail">assert_suite::force_fail</a></td>
      <td>Andy Thomas</td>
      <td>TEST</td>
      <td>2016-03-15 09:04:34</td>
      <td>0 sec, 3 ms</td>
      <td class="pass-cell-col">PASS (OK)</td>
    </tr>
    <tr>
      <td><a href="#anchor_assert_suite::force_error">assert_suite::force_error</a></td>
      <td>Andy Thomas</td>
      <td>TEST</td>
      <td>2016-03-15 09:04:34</td>
      <td>0 sec, 3 ms</td>
      <td class="pass-cell-col">PASS (OK)</td>
    </tr>
    <tr>
      <td><a href="#anchor_assert_suite::has_test_failed">assert_suite::has_test_failed</a></td>
      <td>Andy Thomas</td>
      <td>TEST</td>
      <td>2016-03-15 09:04:34</td>
      <td>0 sec, 2 ms</td>
      <td class="pass-cell-col">PASS (OK)</td>
    </tr>
  </table>
  <p id="anchor_suite_discontig_suite"></p>
  <h3>SUITE: discontig_suite</h3>
  <table style="width:75%; max-width:100em">
    <tr>
      <th>Test Name</th>
      <th style="width:15%">Author</th>
      <th style="width:8%">Type</th>
      <th style="width:15%">Start Time</th>
      <th style="width:16%">Duration</th>
      <th style="width:12%">Result</th>
    </tr>
    <tr>
      <td><a href="#anchor_discontig_suite::perform_test">discontig_suite::perform_test</a></td>
      <td>Andy Thomas</td>
      <td>TEST</td>
      <td>2016-03-15 09:04:34</td>
      <td>0 sec, 5 ms</td>
      <td class="pass-cell-col">PASS (OK)</td>
    </tr>
  </table>
  <p id="anchor_suite_error_suite"></p>
  <h3>SUITE: error_suite</h3>
  <table style="width:75%; max-width:100em">
    <tr>
      <th>Test Name</th>
      <th style="width:15%">Author</th>
      <th style="width:8%">Type</th>
      <th style="width:15%">Start Time</th>
      <th style="width:16%">Duration</th>
      <th style="width:12%">Result</th>
    </tr>
    <tr>
      <td><a href="#anchor_error_suite::error_test">error_suite::error_test</a></td>
      <td>Andy Thomas</td>
      <td>TEST</td>
      <td>2016-03-15 09:04:34</td>
      <td>0 sec, 3 ms</td>
      <td class="pass-cell-col">PASS (OK)</td>
    </tr>
  </table>
  <p id="anchor_suite_example_suite"></p>
  <h3>SUITE: example_suite</h3>
  <table style="width:75%; max-width:100em">
    <tr>
      <th>Test Name</th>
      <th style="width:15%">Author</th>
      <th style="width:8%">Type</th>
      <th style="width:15%">Start Time</th>
      <th style="width:16%">Duration</th>
      <th style="width:12%">Result</th>
    </tr>
    <tr>
      <td><a href="#anchor_example_suite::is_prime_func">example_suite::is_prime_func</a></td>
      <td>Andy Thomas</td>
      <td>TEST</td>
      <td>2016-03-15 09:04:34</td>
      <td>0 sec, 3 ms</td>
      <td class="pass-cell-col">PASS (OK)</td>
    </tr>
    <tr>
      <td><a href="#anchor_example_suite::enum_print">example_suite::enum_print</a></td>
      <td>Andy Thomas</td>
      <td>TEST</td>
      <td>2016-03-15 09:04:34</td>
      <td>0 sec, 0 ms</td>
      <td class="pass-cell-col">PASS (OK)</td>
    </tr>
    <tr>
      <td><a href="#anchor_example_suite::inject_test1">example_suite::inject_test1</a></td>
      <td></td>
      <td>REPEATED</td>
      <td>2016-03-15 09:04:34</td>
      <td>0 sec, 0 ms</td>
      <td class="pass-cell-col">PASS (OK)</td>
    </tr>
    <tr>
      <td><a href="#anchor_example_suite::inject_test2">example_suite::inject_test2</a></td>
      <td></td>
      <td>REPEATED</td>
      <td>2016-03-15 09:04:34</td>
      <td>0 sec, 0 ms</td>
      <td class="pass-cell-col">PASS (OK)</td>
    </tr>
  </table>
  <p id="anchor_suite_example_suite::beast_suite"></p>
  <h3>SUITE: example_suite::beast_suite</h3>
  <table style="width:75%; max-width:100em">
    <tr>
      <th>Test Name</th>
      <th style="width:15%">Author</th>
      <th style="width:8%">Type</th>
      <th style="width:15%">Start Time</th>
      <th style="width:16%">Duration</th>
      <th style="width:12%">Result</th>
    </tr>
    <tr>
      <td><a href="#anchor_example_suite::beast_suite::neighbor_test">example_suite::beast_suite::neighbor_test</a></td>
      <td></td>
      <td>TEST</td>
      <td>2016-03-15 09:04:34</td>
      <td>0 sec, 0 ms</td>
      <td class="pass-cell-col">PASS (OK)</td>
    </tr>
  </table>
  <p id="anchor_suite_fixture_suite"></p>
  <h3>SUITE: fixture_suite</h3>
  <table style="width:75%; max-width:100em">
    <tr>
      <th>Test Name</th>
      <th style="width:15%">Author</th>
      <th style="width:8%">Type</th>
      <th style="width:15%">Start Time</th>
      <th style="width:16%">Duration</th>
      <th style="width:12%">Result</th>
    </tr>
    <tr>
      <td><a href="#anchor_fixture_suite::setup_positive">fixture_suite::setup_positive</a></td>
      <td>Andy Thomas</td>
      <td>TEST</td>
      <td>2016-03-15 09:04:34</td>
      <td>0 sec, 4 ms</td>
      <td class="pass-cell-col">PASS (OK)</td>
    </tr>
    <tr>
      <td><a href="#anchor_fixture_suite::skip_on_fail">fixture_suite::skip_on_fail</a></td>
      <td>Andy Thomas</td>
      <td>TEST</td>
      <td>2016-03-15 09:04:34</td>
      <td>0 sec, 3 ms</td>
      <td class="pass-cell-col">PASS (OK)</td>
    </tr>
    <tr>
      <td><a href="#anchor_fixture_suite::skip_on_error">fixture_suite::skip_on_error</a></td>
      <td>Andy Thomas</td>
      <td>TEST</td>
      <td>2016-03-15 09:04:34</td>
      <td>0 sec, 3 ms</td>
      <td class="pass-cell-col">PASS (OK)</td>
    </tr>
    <tr>
      <td><a href="#anchor_fixture_suite::class_setup_fail">fixture_suite::class_setup_fail</a></td>
      <td>Andy Thomas</td>
      <td>TEST</td>
      <td>2016-03-15 09:04:34</td>
      <td>0 sec, 3 ms</td>
      <td class="pass-cell-col">PASS (OK)</td>
    </tr>
    <tr>
      <td><a href="#anchor_fixture_suite::class_test_throw">fixture_suite::class_test_throw</a></td>
      <td>Andy Thomas</td>
      <td>TEST</td>
      <td>2016-03-15 09:04:34</td>
      <td>0 sec, 3 ms</td>
      <td class="pass-cell-col">PASS (OK)</td>
    </tr>
    <tr>
      <td><a href="#anchor_fixture_suite::class_teardown_throw">fixture_suite::class_teardown_throw</a></td>
      <td>Andy Thomas</td>
      <td>TEST</td>
      <td>2016-03-15 09:04:34</td>
      <td>0 sec, 3 ms</td>
      <td class="pass-cell-col">PASS (OK)</td>
    </tr>
  </table>
  <p id="anchor_suite_message_suite"></p>
  <h3>SUITE: message_suite</h3>
  <table style="width:75%; max-width:100em">
    <tr>
      <th>Test Name</th>
      <th style="width:15%">Author</th>
      <th style="width:8%">Type</th>
      <th style="width:15%">Start Time</th>
      <th style="width:16%">Duration</th>
      <th style="width:12%">Result</th>
    </tr>
    <tr>
      <td><a href="#anchor_message_suite::print">message_suite::print</a></td>
      <td>Andy Thomas</td>
      <td>TEST</td>
      <td>2016-03-15 09:04:34</td>
      <td>0 sec, 3 ms</td>
      <td class="pass-cell-col">PASS (OK)</td>
    </tr>
    <tr>
      <td><a href="#anchor_message_suite::printf_bool">message_suite::printf_bool</a></td>
      <td>Andy Thomas</td>
      <td>TEST</td>
      <td>2016-03-15 09:04:34</td>
      <td>0 sec, 4 ms</td>
      <td class="pass-cell-col">PASS (OK)</td>
    </tr>
    <tr>
      <td><a href="#anchor_message_suite::printf_int">message_suite::printf_int</a></td>
      <td>Andy Thomas</td>
      <td>TEST</td>
      <td>2016-03-15 09:04:34</td>
      <td>0 sec, 4 ms</td>
      <td class="pass-cell-col">PASS (OK)</td>
    </tr>
    <tr>
      <td><a href="#anchor_message_suite::printf_str">message_suite::printf_str</a></td>
      <td>Andy Thomas</td>
      <td>TEST</td>
      <td>2016-03-15 09:04:34</td>
      <td>0 sec, 3 ms</td>
      <td class="pass-cell-col">PASS (OK)</td>
    </tr>
    <tr>
      <td><a href="#anchor_message_suite::printf_wstr">message_suite::printf_wstr</a></td>
      <td>Andy Thomas</td>
      <td>TEST</td>
      <td>2016-03-15 09:04:34</td>
      <td>0 sec, 3 ms</td>
      <td class="pass-cell-col">PASS (OK)</td>
    </tr>
    <tr>
      <td><a href="#anchor_message_suite::printf_kstr">message_suite::printf_kstr</a></td>
      <td>Andy Thomas</td>
      <td>TEST</td>
      <td>2016-03-15 09:04:34</td>
      <td>0 sec, 3 ms</td>
      <td class="pass-cell-col">PASS (OK)</td>
    </tr>
    <tr>
      <td><a href="#anchor_message_suite::printf_char">message_suite::printf_char</a></td>
      <td>Andy Thomas</td>
      <td>TEST</td>
      <td>2016-03-15 09:04:34</td>
      <td>0 sec, 3 ms</td>
      <td class="pass-cell-col">PASS (OK)</td>
    </tr>
    <tr>
      <td><a href="#anchor_message_suite::printf_double">message_suite::printf_double</a></td>
      <td>Andy Thomas</td>
      <td>TEST</td>
      <td>2016-03-15 09:04:34</td>
      <td>0 sec, 3 ms</td>
      <td class="pass-cell-col">PASS (OK)</td>
    </tr>
    <tr>
      <td><a href="#anchor_message_suite::printf_pointer">message_suite::printf_pointer</a></td>
      <td>Andy Thomas</td>
      <td>TEST</td>
      <td>2016-03-15 09:04:34</td>
      <td>0 sec, 3 ms</td>
      <td class="pass-cell-col">PASS (OK)</td>
    </tr>
    <tr>
      <td><a href="#anchor_message_suite::printf_typed">message_suite::printf_typed</a></td>
      <td>Andy Thomas</td>
      <td>TEST</td>
      <td>2016-03-15 09:04:34</td>
      <td>0 sec, 3 ms</td>
      <td class="pass-cell-col">PASS (OK)</td>
    </tr>
    <tr>
      <td><a href="#anchor_message_suite::printf_unknown">message_suite::printf_unknown</a></td>
      <td>Andy Thomas</td>
      <td>TEST</td>
      <td>2016-03-15 09:04:34</td>
      <td>0 sec, 3 ms</td>
      <td class="pass-cell-col">PASS (OK)</td>
    </tr>
    <tr>
      <td><a href="#anchor_message_suite::warnings">message_suite::warnings</a></td>
      <td>Andy Thomas</td>
      <td>TEST</td>
      <td>2016-03-15 09:04:34</td>
      <td>0 sec, 5 ms</td>
      <td class="pass-cell-col">PASS (OK)</td>
    </tr>
    <tr>
      <td><a href="#anchor_message_suite::print_warn">message_suite::print_warn</a></td>
      <td>Andy Thomas</td>
      <td>TEST</td>
      <td>2016-03-15 09:04:34</td>
      <td>0 sec, 0 ms</td>
      <td class="warn-cell-col">PASS (WARN)</td>
    </tr>
  </table>
  <p id="anchor_suite_naming_suite"></p>
  <h3>SUITE: naming_suite</h3>
  <table style="width:75%; max-width:100em">
    <tr>
      <th>Test Name</th>
      <th style="width:15%">Author</th>
      <th style="width:8%">Type</th>
      <th style="width:15%">Start Time</th>
      <th style="width:16%">Duration</th>
      <th style="width:12%">Result</th>
    </tr>
    <tr>
      <td><a href="#anchor_naming_suite::name_matching_impl">naming_suite::name_matching_impl</a></td>
      <td>Andy Thomas</td>
      <td>TEST</td>
      <td>2016-03-15 09:04:34</td>
      <td>0 sec, 0 ms</td>
      <td class="pass-cell-col">PASS (OK)</td>
    </tr>
    <tr>
      <td><a href="#anchor_naming_suite::suite_matching_impl">naming_suite::suite_matching_impl</a></td>
      <td>Andy Thomas</td>
      <td>TEST</td>
      <td>2016-03-15 09:04:34</td>
      <td>0 sec, 0 ms</td>
      <td class="pass-cell-col">PASS (OK)</td>
    </tr>
    <tr>
      <td><a href="#anchor_naming_suite::postive_tests">naming_suite::postive_tests</a></td>
      <td>Andy Thomas</td>
      <td>TEST</td>
      <td>2016-03-15 09:04:34</td>
      <td>0 sec, 5 ms</td>
      <td class="pass-cell-col">PASS (OK)</td>
    </tr>
    <tr>
      <td><a href="#anchor_naming_suite::negative_tests">naming_suite::negative_tests</a></td>
      <td>Andy Thomas</td>
      <td>TEST</td>
      <td>2016-03-15 09:04:34</td>
      <td>0 sec, 3 ms</td>
      <td class="pass-cell-col">PASS (OK)</td>
    </tr>
  </table>
  <p id="anchor_suite_repeated_suite"></p>
  <h3>SUITE: repeated_suite</h3>
  <table style="width:75%; max-width:100em">
    <tr>
      <th>Test Name</th>
      <th style="width:15%">Author</th>
      <th style="width:8%">Type</th>
      <th style="width:15%">Start Time</th>
      <th style="width:16%">Duration</th>
      <th style="width:12%">Result</th>
    </tr>
    <tr>
      <td><a href="#anchor_repeated_suite::repeated_baseobj">repeated_suite::repeated_baseobj</a></td>
      <td>Andy Thomas</td>
      <td>TEST</td>
      <td>2016-03-15 09:04:34</td>
      <td>0 sec, 4 ms</td>
      <td class="pass-cell-col">PASS (OK)</td>
    </tr>
    <tr>
      <td><a href="#anchor_repeated_suite::repeated_template">repeated_suite::repeated_template</a></td>
      <td>Andy Thomas</td>
      <td>TEST</td>
      <td>2016-03-15 09:04:34</td>
      <td>0 sec, 3 ms</td>
      <td class="pass-cell-col">PASS (OK)</td>
    </tr>
    <tr>
      <td><a href="#anchor_repeated_suite::repeated_cross_suite">repeated_suite::repeated_cross_suite</a></td>
      <td>Andy Thomas</td>
      <td>TEST</td>
      <td>2016-03-15 09:04:34</td>
      <td>0 sec, 3 ms</td>
      <td class="pass-cell-col">PASS (OK)</td>
    </tr>
  </table>
  <p id="anchor_suite_runner_suite"></p>
  <h3>SUITE: runner_suite</h3>
  <table style="width:75%; max-width:100em">
    <tr>
      <th>Test Name</th>
      <th style="width:15%">Author</th>
      <th style="width:8%">Type</th>
      <th style="width:15%">Start Time</th>
      <th style="width:16%">Duration</th>
      <th style="width:12%">Result</th>
    </tr>
    <tr>
      <td><a href="#anchor_runner_suite::stats_all">runner_suite::stats_all</a></td>
      <td>Andy Thomas</td>
      <td>TEST</td>
      <td>2016-03-15 09:04:34</td>
      <td>0 sec, 4 ms</td>
      <td class="pass-cell-col">PASS (OK)</td>
    </tr>
    <tr>
      <td><a href="#anchor_runner_suite::stats_some">runner_suite::stats_some</a></td>
      <td>Andy Thomas</td>
      <td>TEST</td>
      <td>2016-03-15 09:04:34</td>
      <td>0 sec, 3 ms</td>
      <td class="pass-cell-col">PASS (OK)</td>
    </tr>
    <tr>
      <td><a href="#anchor_runner_suite::parsing">runner_suite::parsing</a></td>
      <td></td>
      <td>PROTECTED</td>
      <td>2016-03-15 09:04:34</td>
      <td>0 sec, 0 ms</td>
      <td class="pass-cell-col">PASS (OK)</td>
    </tr>
    <tr>
      <td><a href="#anchor_runner_suite::cmdline">runner_suite::cmdline</a></td>
      <td></td>
      <td>TEST</td>
      <td>2016-03-15 09:04:34</td>
      <td>0 sec, 3 ms</td>
      <td class="pass-cell-col">PASS (OK)</td>
    </tr>
    <tr>
      <td><a href="#anchor_runner_suite::singleton_method">runner_suite::singleton_method</a></td>
      <td></td>
      <td>TEST</td>
      <td>2016-03-15 09:04:34</td>
      <td>0 sec, 0 ms</td>
      <td class="pass-cell-col">PASS (OK)</td>
    </tr>
    <tr>
      <td><a href="#anchor_runner_suite::immutable_test">runner_suite::immutable_test</a></td>
      <td></td>
      <td>TEST</td>
      <td>2016-03-15 09:04:34</td>
      <td>0 sec, 0 ms</td>
      <td class="pass-cell-col">PASS (OK)</td>
    </tr>
    <tr>
      <td><a href="#anchor_runner_suite::full_sorted">runner_suite::full_sorted</a></td>
      <td></td>
      <td>REPEATED</td>
      <td>2016-03-15 09:04:34</td>
      <td>0 sec, 1 ms</td>
      <td class="pass-cell-col">PASS (OK)</td>
    </tr>
    <tr>
      <td><a href="#anchor_runner_suite::part_sorted">runner_suite::part_sorted</a></td>
      <td></td>
      <td>REPEATED</td>
      <td>2016-03-15 09:04:34</td>
      <td>0 sec, 0 ms</td>
      <td class="pass-cell-col">PASS (OK)</td>
    </tr>
  </table>
  <p id="anchor_suite_size_suite"></p>
  <h3>SUITE: size_suite</h3>
  <table style="width:75%; max-width:100em">
    <tr>
      <th>Test Name</th>
      <th style="width:15%">Author</th>
      <th style="width:8%">Type</th>
      <th style="width:15%">Start Time</th>
      <th style="width:16%">Duration</th>
      <th style="width:12%">Result</th>
    </tr>
    <tr>
      <td><a href="#anchor_size_suite::test_sizes">size_suite::test_sizes</a></td>
      <td>Andy Thomas</td>
      <td>TEST</td>
      <td>2016-03-15 09:04:34</td>
      <td>0 sec, 0 ms</td>
      <td class="pass-cell-col">PASS (OK)</td>
    </tr>
  </table>
  <p id="anchor_suite_status_suite"></p>
  <h3>SUITE: status_suite</h3>
  <table style="width:75%; max-width:100em">
    <tr>
      <th>Test Name</th>
      <th style="width:15%">Author</th>
      <th style="width:8%">Type</th>
      <th style="width:15%">Start Time</th>
      <th style="width:16%">Duration</th>
      <th style="width:12%">Result</th>
    </tr>
    <tr>
      <td><a href="#anchor_status_suite::status_test">status_suite::status_test</a></td>
      <td>Andy Thomas</td>
      <td>TEST</td>
      <td>2016-03-15 09:04:34</td>
      <td>1 sec, 511 ms</td>
      <td class="pass-cell-col">PASS (OK)</td>
    </tr>
  </table>
  <p id="anchor_suite_timing_suite"></p>
  <h3>SUITE: timing_suite</h3>
  <table style="width:75%; max-width:100em">
    <tr>
      <th>Test Name</th>
      <th style="width:15%">Author</th>
      <th style="width:8%">Type</th>
      <th style="width:15%">Start Time</th>
      <th style="width:16%">Duration</th>
      <th style="width:12%">Result</th>
    </tr>
    <tr>
      <td><a href="#anchor_timing_suite::local_timeout">timing_suite::local_timeout</a></td>
      <td>Andy Thomas</td>
      <td>TEST</td>
      <td>2016-03-15 09:04:35</td>
      <td>2 sec, 312 ms</td>
      <td class="pass-cell-col">PASS (OK)</td>
    </tr>
    <tr>
      <td><a href="#anchor_timing_suite::short_sleep">timing_suite::short_sleep</a></td>
      <td>Andy Thomas</td>
      <td>TEST</td>
      <td>2016-03-15 09:04:38</td>
      <td>1 sec, 507 ms</td>
      <td class="pass-cell-col">PASS (OK)</td>
    </tr>
    <tr>
      <td><a href="#anchor_timing_suite::long_sleep">timing_suite::long_sleep</a></td>
      <td>Andy Thomas</td>
      <td>TEST</td>
      <td>2016-03-15 09:04:39</td>
      <td>2 sec, 507 ms</td>
      <td class="pass-cell-col">PASS (OK)</td>
    </tr>
    <tr>
      <td><a href="#anchor_timing_suite::global_timeout">timing_suite::global_timeout</a></td>
      <td>Andy Thomas</td>
      <td>TEST</td>
      <td>2016-03-15 09:04:42</td>
      <td>1 sec, 508 ms</td>
      <td class="pass-cell-col">PASS (OK)</td>
    </tr>
    <tr>
      <td><a href="#anchor_timing_suite::global_exempt">timing_suite::global_exempt</a></td>
      <td>Andy Thomas</td>
      <td>TEST</td>
      <td>2016-03-15 09:04:43</td>
      <td>1 sec, 511 ms</td>
      <td class="pass-cell-col">PASS (OK)</td>
    </tr>
    <tr>
      <td><a href="#anchor_timing_suite::time_warning">timing_suite::time_warning</a></td>
      <td>Andy Thomas</td>
      <td>TEST</td>
      <td>2016-03-15 09:04:45</td>
      <td>1 sec, 513 ms</td>
      <td class="pass-cell-col">PASS (OK)</td>
    </tr>
    <tr>
      <td><a href="#anchor_timing_suite::check_limit">timing_suite::check_limit</a></td>
      <td>Andy Thomas</td>
      <td>TEST</td>
      <td>2016-03-15 09:04:46</td>
      <td>1 sec, 17 ms</td>
      <td class="pass-cell-col">PASS (OK)</td>
    </tr>
  </table>
  <p id="anchor_suite_"></p>
  <h3>DEFAULT SUITE (teardown)</h3>
  <table style="width:75%; max-width:100em">
    <tr>
      <th>Test Name</th>
      <th style="width:15%">Author</th>
      <th style="width:8%">Type</th>
      <th style="width:15%">Start Time</th>
      <th style="width:16%">Duration</th>
      <th style="width:12%">Result</th>
    </tr>
    <tr>
      <td><a href="#anchor_teardown_global_01">teardown_global_01</a></td>
      <td></td>
      <td>TEST</td>
      <td>2016-03-15 09:04:47</td>
      <td>0 sec, 0 ms</td>
      <td class="pass-cell-col">PASS (OK)</td>
    </tr>
    <tr>
      <td><a href="#anchor_teardown_global_02">teardown_global_02</a></td>
      <td></td>
      <td>TEST</td>
      <td>2016-03-15 09:04:47</td>
      <td>0 sec, 0 ms</td>
      <td class="pass-cell-col">PASS (OK)</td>
    </tr>
  </table>
  <p id="anchor_test_stats"></p>
  <h2>Statistical Results</h2>
  <table style="width:20em">
    <tr>
      <th>Statistic</th>
      <th>Value</th>
    </tr>
    <tr>
      <td><strong>TOTAL</strong></td>
      <td>90</td>
    </tr>
    <tr>
      <td><strong>Ran</strong></td>
      <td>90</td>
    </tr>
    <tr>
      <td><strong>Passed</strong></td>
      <td>90</td>
    </tr>
    <tr>
      <td><strong>Warnings</strong></td>
      <td>1</td>
    </tr>
    <tr>
      <td><strong>Failed</strong></td>
      <td>0</td>
    </tr>
    <tr>
      <td><strong>Errors</strong></td>
      <td>0</td>
    </tr>
    <tr>
      <td><strong>Skipped</strong></td>
      <td>0</td>
    </tr>
    <tr>
      <td><strong>Disabled</strong></td>
      <td>0</td>
    </tr>
    <tr>
      <td><strong>Pass Rate</strong></td>
      <td class="pass-cell-col">100%</td>
    </tr>
  </table>
  <p>
    <strong>End Time: </strong>2016-03-15 09:04:47<br/>
    <strong>Run Duration: </strong>13 sec, 601 ms<br/>
  </p>
  <p id="anchor_fail_details"></p>
  <h2>Output: Test Failures</h2>
  <p>NONE</p>
  <p id="anchor_error_details"></p>
  <h2>Output: Test Errors</h2>
  <p>NONE</p>
  <p id="anchor_pass_details"></p>
  <h2>Output: Test Passes</h2>
  <p id="anchor_setup_global_01"></p>
  <h3>setup_global_01</h3>
  <ul>
    <li>TEST STARTED: 2016-03-15 09:04:33<br/>LOCATION: /media/sf_E_DRIVE/tdog/src/selftest/main.cpp [53]<br/>TEST TYPE: TEST<br/>OK: ASSERT_NOT( g_test_called ) [58]<br/>Completed in 0 sec, 0 ms, asserts 1, failures 0<br/>PASS (OK)</li>
  </ul>
  <p id="anchor_setup_global_02"></p>
  <h3>setup_global_02</h3>
  <ul>
    <li>TEST STARTED: 2016-03-15 09:04:33<br/>LOCATION: /media/sf_E_DRIVE/tdog/src/selftest/main.cpp [61]<br/>TEST TYPE: TEST<br/>OK: ASSERT( g_setup_called ) [64]<br/>OK: ASSERT_NOT( g_test_called ) [65]<br/>Completed in 0 sec, 0 ms, asserts 2, failures 0<br/>PASS (OK)</li>
  </ul>
  <p id="anchor_default_namespace_test"></p>
  <h3>default_namespace_test</h3>
  <ul>
    <li>TEST STARTED: 2016-03-15 09:04:33<br/>LOCATION: /media/sf_E_DRIVE/tdog/src/selftest/main.cpp [68]<br/>TEST TYPE: TEST<br/>Completed in 0 sec, 1 ms, asserts 0, failures 0<br/>PASS (OK)</li>
  </ul>
  <p id="anchor_assert_suite::assert_positive"></p>
  <h3>assert_suite::assert_positive</h3>
  <ul>
    <li>TEST STARTED: 2016-03-15 09:04:33<br/>LOCATION: /media/sf_E_DRIVE/tdog/src/selftest/assert_suite.hpp [465]<br/>AUTHOR: Andy Thomas<br/>TEST TYPE: TEST<br/>OK: ASSERT( tr.register_test( TDOG_GET_TCPTR(positive_suite::assert) ) ) [471]<br/>OK: ASSERT_EQ( NPOS, txt.find(&quot;-cond&quot;) ) [493]<br/>OK: ASSERT_NEQ( NPOS, txt.find(&quot;ASSERT&quot;) ) [494]<br/>OK: ASSERT_NEQ( NPOS, txt.find(&quot;assert_msg()&quot;) ) [495]<br/>OK: ASSERT_EQ( NPOS, htm.find(&quot;-cond&quot;) ) [496]<br/>OK: ASSERT_NEQ( NPOS, htm.find(&quot;ASSERT&quot;) ) [497]<br/>OK: ASSERT_NEQ( NPOS, htm.find(&quot;assert_msg()&quot;) ) [498]<br/>OK: ASSERT_EQ( NPOS, xml.find(&quot;-cond&quot;) ) [499]<br/>OK: ASSERT_NEQ( NPOS, xml.find(&quot;ASSERT&quot;) ) [500]<br/>OK: ASSERT_NEQ( NPOS, xml.find(&quot;assert_msg()&quot;) ) [501]<br/>Completed in 0 sec, 4 ms, asserts 10, failures 0<br/>PASS (OK)</li>
  </ul>
  <p id="anchor_assert_suite::assert_not_positive"></p>
  <h3>assert_suite::assert_not_positive</h3>
  <ul>
    <li>TEST STARTED: 2016-03-15 09:04:33<br/>LOCATION: /media/sf_E_DRIVE/tdog/src/selftest/assert_suite.hpp [504]<br/>AUTHOR: Andy Thomas<br/>TEST TYPE: TEST<br/>OK: ASSERT( tr.register_test( TDOG_GET_TCPTR(positive_suite::assert_not) ) ) [510]<br/>OK: ASSERT_EQ( NPOS, txt.find(&quot;-act&quot;) ) [521]<br/>OK: ASSERT_NEQ( NPOS, txt.find(&quot;assert_not_msg()&quot;) ) [522]<br/>Completed in 0 sec, 3 ms, asserts 3, failures 0<br/>PASS (OK)</li>
  </ul>
  <p id="anchor_assert_suite::assert_eq_positive"></p>
  <h3>assert_suite::assert_eq_positive</h3>
  <ul>
    <li>TEST STARTED: 2016-03-15 09:04:33<br/>LOCATION: /media/sf_E_DRIVE/tdog/src/selftest/assert_suite.hpp [525]<br/>AUTHOR: Andy Thomas<br/>TEST TYPE: TEST<br/>OK: ASSERT( tr.register_test( TDOG_GET_TCPTR(positive_suite::assert_eq) ) ) [531]<br/>OK: ASSERT_EQ( NPOS, txt.find(&quot;-act&quot;) ) [542]<br/>OK: ASSERT_NEQ( NPOS, txt.find(&quot;assert_eq_msg(int)&quot;) ) [543]<br/>OK: ASSERT_NEQ( NPOS, txt.find(&quot;assert_eq_msg(unsigned)&quot;) ) [544]<br/>OK: ASSERT_NEQ( NPOS, txt.find(&quot;assert_eq_msg(string)&quot;) ) [545]<br/>OK: ASSERT_NEQ( NPOS, txt.find(&quot;assert_eq_msg(wstring)&quot;) ) [546]<br/>OK: ASSERT_NEQ( NPOS, txt.find(&quot;assert_eq_msg(vector)&quot;) ) [547]<br/>Completed in 0 sec, 3 ms, asserts 7, failures 0<br/>PASS (OK)</li>
  </ul>
  <p id="anchor_assert_suite::assert_neq_positive"></p>
  <h3>assert_suite::assert_neq_positive</h3>
  <ul>
    <li>TEST STARTED: 2016-03-15 09:04:33<br/>LOCATION: /media/sf_E_DRIVE/tdog/src/selftest/assert_suite.hpp [550]<br/>AUTHOR: Andy Thomas<br/>TEST TYPE: TEST<br/>OK: ASSERT( tr.register_test( TDOG_GET_TCPTR(positive_suite::assert_neq) ) ) [556]<br/>OK: ASSERT_EQ( NPOS, txt.find(&quot;-act&quot;) ) [567]<br/>OK: ASSERT_NEQ( NPOS, txt.find(&quot;assert_neq_msg(int)&quot;) ) [568]<br/>OK: ASSERT_NEQ( NPOS, txt.find(&quot;assert_neq_msg(unsigned)&quot;) ) [569]<br/>OK: ASSERT_NEQ( NPOS, txt.find(&quot;assert_neq_msg(string)&quot;) ) [570]<br/>OK: ASSERT_NEQ( NPOS, txt.find(&quot;assert_neq_msg(wstring)&quot;) ) [571]<br/>OK: ASSERT_NEQ( NPOS, txt.find(&quot;assert_neq_msg(vector)&quot;) ) [572]<br/>Completed in 0 sec, 4 ms, asserts 7, failures 0<br/>PASS (OK)</li>
  </ul>
  <p id="anchor_assert_suite::assert_lt_positive"></p>
  <h3>assert_suite::assert_lt_positive</h3>
  <ul>
    <li>TEST STARTED: 2016-03-15 09:04:33<br/>LOCATION: /media/sf_E_DRIVE/tdog/src/selftest/assert_suite.hpp [575]<br/>AUTHOR: Andy Thomas<br/>TEST TYPE: TEST<br/>OK: ASSERT( tr.register_test( TDOG_GET_TCPTR(positive_suite::assert_lt) ) ) [581]<br/>OK: ASSERT_EQ( NPOS, txt.find(&quot;-act&quot;) ) [592]<br/>OK: ASSERT_NEQ( NPOS, txt.find(&quot;assert_lt_msg(37)&quot;) ) [593]<br/>Completed in 0 sec, 3 ms, asserts 3, failures 0<br/>PASS (OK)</li>
  </ul>
  <p id="anchor_assert_suite::assert_lte_positive"></p>
  <h3>assert_suite::assert_lte_positive</h3>
  <ul>
    <li>TEST STARTED: 2016-03-15 09:04:33<br/>LOCATION: /media/sf_E_DRIVE/tdog/src/selftest/assert_suite.hpp [596]<br/>AUTHOR: Andy Thomas<br/>TEST TYPE: TEST<br/>OK: ASSERT( tr.register_test( TDOG_GET_TCPTR(positive_suite::assert_lte) ) ) [602]<br/>OK: ASSERT_EQ( NPOS, txt.find(&quot;-act&quot;) ) [613]<br/>OK: ASSERT_NEQ( NPOS, txt.find(&quot;assert_lte_msg(37)&quot;) ) [614]<br/>OK: ASSERT_NEQ( NPOS, txt.find(&quot;assert_lte_msg(36)&quot;) ) [615]<br/>Completed in 0 sec, 4 ms, asserts 4, failures 0<br/>PASS (OK)</li>
  </ul>
  <p id="anchor_assert_suite::assert_gt_positive"></p>
  <h3>assert_suite::assert_gt_positive</h3>
  <ul>
    <li>TEST STARTED: 2016-03-15 09:04:33<br/>LOCATION: /media/sf_E_DRIVE/tdog/src/selftest/assert_suite.hpp [618]<br/>AUTHOR: Andy Thomas<br/>TEST TYPE: TEST<br/>OK: ASSERT( tr.register_test( TDOG_GET_TCPTR(positive_suite::assert_gt) ) ) [624]<br/>OK: ASSERT_EQ( NPOS, txt.find(&quot;-act&quot;) ) [635]<br/>OK: ASSERT_NEQ( NPOS, txt.find(&quot;assert_gt_msg(35)&quot;) ) [636]<br/>Completed in 0 sec, 3 ms, asserts 3, failures 0<br/>PASS (OK)</li>
  </ul>
  <p id="anchor_assert_suite::assert_gte_positive"></p>
  <h3>assert_suite::assert_gte_positive</h3>
  <ul>
    <li>TEST STARTED: 2016-03-15 09:04:33<br/>LOCATION: /media/sf_E_DRIVE/tdog/src/selftest/assert_suite.hpp [639]<br/>AUTHOR: Andy Thomas<br/>TEST TYPE: TEST<br/>OK: ASSERT( tr.register_test( TDOG_GET_TCPTR(positive_suite::assert_gte) ) ) [645]<br/>OK: ASSERT_EQ( NPOS, txt.find(&quot;-act&quot;) ) [656]<br/>OK: ASSERT_NEQ( NPOS, txt.find(&quot;assert_gte_msg(35)&quot;) ) [657]<br/>OK: ASSERT_NEQ( NPOS, txt.find(&quot;assert_gte_msg(36)&quot;) ) [658]<br/>Completed in 0 sec, 3 ms, asserts 4, failures 0<br/>PASS (OK)</li>
  </ul>
  <p id="anchor_assert_suite::assert_double_eq_positive"></p>
  <h3>assert_suite::assert_double_eq_positive</h3>
  <ul>
    <li>TEST STARTED: 2016-03-15 09:04:33<br/>LOCATION: /media/sf_E_DRIVE/tdog/src/selftest/assert_suite.hpp [661]<br/>AUTHOR: Andy Thomas<br/>TEST TYPE: TEST<br/>OK: ASSERT( tr.register_test( TDOG_GET_TCPTR(positive_suite::assert_double_eq) ) ) [667]<br/>OK: ASSERT_EQ( NPOS, txt.find(&quot;-act&quot;) ) [678]<br/>OK: ASSERT_NEQ( NPOS, txt.find(&quot;assert_double_eq_msg()&quot;) ) [679]<br/>Completed in 0 sec, 3 ms, asserts 3, failures 0<br/>PASS (OK)</li>
  </ul>
  <p id="anchor_assert_suite::assert_double_neq_positive"></p>
  <h3>assert_suite::assert_double_neq_positive</h3>
  <ul>
    <li>TEST STARTED: 2016-03-15 09:04:33<br/>LOCATION: /media/sf_E_DRIVE/tdog/src/selftest/assert_suite.hpp [682]<br/>AUTHOR: Andy Thomas<br/>TEST TYPE: TEST<br/>OK: ASSERT( tr.register_test( TDOG_GET_TCPTR(positive_suite::assert_double_neq) ) ) [688]<br/>OK: ASSERT_EQ( NPOS, txt.find(&quot;-act&quot;) ) [699]<br/>OK: ASSERT_NEQ( NPOS, txt.find(&quot;assert_double_neq_msg()&quot;) ) [700]<br/>Completed in 0 sec, 3 ms, asserts 3, failures 0<br/>PASS (OK)</li>
  </ul>
  <p id="anchor_assert_suite::assert_stric_eq_positive"></p>
  <h3>assert_suite::assert_stric_eq_positive</h3>
  <ul>
    <li>TEST STARTED: 2016-03-15 09:04:34<br/>LOCATION: /media/sf_E_DRIVE/tdog/src/selftest/assert_suite.hpp [703]<br/>AUTHOR: Andy Thomas<br/>TEST TYPE: TEST<br/>OK: ASSERT( tr.register_test( TDOG_GET_TCPTR(positive_suite::assert_stric_eq) ) ) [709]<br/>OK: ASSERT_EQ( NPOS, txt.find(&quot;-act&quot;) ) [720]<br/>OK: ASSERT_NEQ( NPOS, txt.find(&quot;assert_stric_eq_msg()&quot;) ) [721]<br/>Completed in 0 sec, 3 ms, asserts 3, failures 0<br/>PASS (OK)</li>
  </ul>
  <p id="anchor_assert_suite::assert_stric_neq_positive"></p>
  <h3>assert_suite::assert_stric_neq_positive</h3>
  <ul>
    <li>TEST STARTED: 2016-03-15 09:04:34<br/>LOCATION: /media/sf_E_DRIVE/tdog/src/selftest/assert_suite.hpp [724]<br/>AUTHOR: Andy Thomas<br/>TEST TYPE: TEST<br/>OK: ASSERT( tr.register_test( TDOG_GET_TCPTR(positive_suite::assert_stric_neq) ) ) [730]<br/>OK: ASSERT_EQ( NPOS, txt.find(&quot;-act&quot;) ) [741]<br/>OK: ASSERT_NEQ( NPOS, txt.find(&quot;assert_stric_neq_msg()&quot;) ) [742]<br/>Completed in 0 sec, 3 ms, asserts 3, failures 0<br/>PASS (OK)</li>
  </ul>
  <p id="anchor_assert_suite::assert_array_eq_positive"></p>
  <h3>assert_suite::assert_array_eq_positive</h3>
  <ul>
    <li>TEST STARTED: 2016-03-15 09:04:34<br/>LOCATION: /media/sf_E_DRIVE/tdog/src/selftest/assert_suite.hpp [745]<br/>AUTHOR: Andy Thomas<br/>TEST TYPE: TEST<br/>OK: ASSERT( tr.register_test( TDOG_GET_TCPTR(positive_suite::assert_array_eq) ) ) [751]<br/>OK: ASSERT_EQ( NPOS, txt.find(&quot;-act&quot;) ) [762]<br/>OK: ASSERT_NEQ( NPOS, txt.find(&quot;assert_array_eq_msg(array)&quot;) ) [763]<br/>OK: ASSERT_NEQ( NPOS, txt.find(&quot;assert_array_eq_msg(vector)&quot;) ) [764]<br/>Completed in 0 sec, 3 ms, asserts 4, failures 0<br/>PASS (OK)</li>
  </ul>
  <p id="anchor_assert_suite::assert_array_neq_positive"></p>
  <h3>assert_suite::assert_array_neq_positive</h3>
  <ul>
    <li>TEST STARTED: 2016-03-15 09:04:34<br/>LOCATION: /media/sf_E_DRIVE/tdog/src/selftest/assert_suite.hpp [767]<br/>AUTHOR: Andy Thomas<br/>TEST TYPE: TEST<br/>OK: ASSERT( tr.register_test( TDOG_GET_TCPTR(positive_suite::assert_array_neq) ) ) [773]<br/>OK: ASSERT_EQ( NPOS, txt.find(&quot;-act&quot;) ) [784]<br/>OK: ASSERT_NEQ( NPOS, txt.find(&quot;assert_array_neq_msg(array)&quot;) ) [785]<br/>OK: ASSERT_NEQ( NPOS, txt.find(&quot;assert_array_neq_msg(vector)&quot;) ) [786]<br/>Completed in 0 sec, 3 ms, asserts 4, failures 0<br/>PASS (OK)</li>
  </ul>
  <p id="anchor_assert_suite::assert_throw_positive"></p>
  <h3>assert_suite::assert_throw_positive</h3>
  <ul>
    <li>TEST STARTED: 2016-03-15 09:04:34<br/>LOCATION: /media/sf_E_DRIVE/tdog/src/selftest/assert_suite.hpp [789]<br/>AUTHOR: Andy Thomas<br/>TEST TYPE: TEST<br/>OK: ASSERT( tr.register_test( TDOG_GET_TCPTR(positive_suite::assert_throw) ) ) [795]<br/>Completed in 0 sec, 3 ms, asserts 1, failures 0<br/>PASS (OK)</li>
  </ul>
  <p id="anchor_assert_suite::assert_no_throw_positive"></p>
  <h3>assert_suite::assert_no_throw_positive</h3>
  <ul>
    <li>TEST STARTED: 2016-03-15 09:04:34<br/>LOCATION: /media/sf_E_DRIVE/tdog/src/selftest/assert_suite.hpp [802]<br/>AUTHOR: Andy Thomas<br/>TEST TYPE: TEST<br/>OK: ASSERT( tr.register_test( TDOG_GET_TCPTR(positive_suite::assert_no_throw) ) ) [808]<br/>Completed in 0 sec, 2 ms, asserts 1, failures 0<br/>PASS (OK)</li>
  </ul>
  <p id="anchor_assert_suite::assert_negative"></p>
  <h3>assert_suite::assert_negative</h3>
  <ul>
    <li>TEST STARTED: 2016-03-15 09:04:34<br/>LOCATION: /media/sf_E_DRIVE/tdog/src/selftest/assert_suite.hpp [818]<br/>AUTHOR: Andy Thomas<br/>TEST TYPE: TEST<br/>OK: ASSERT( tr.register_test( TDOG_GET_TCPTR(negative_suite::assert) ) ) [824]<br/>OK: ASSERT_EQ( NPOS, txt.find(&quot;-cond&quot;) ) [846]<br/>OK: ASSERT_NEQ( NPOS, txt.find(&quot;assert_msg()&quot;) ) [847]<br/>OK: ASSERT_EQ( NPOS, htm.find(&quot;-cond&quot;) ) [848]<br/>OK: ASSERT_NEQ( NPOS, htm.find(&quot;assert_msg()&quot;) ) [849]<br/>OK: ASSERT_NEQ( NPOS, xml.find(&quot;-cond&quot;) ) [850]<br/>OK: ASSERT_NEQ( NPOS, xml.find(&quot;assert_msg()&quot;) ) [851]<br/>OK: ASSERT_NEQ( NPOS, txt.find(&quot;-cond&quot;) ) [866]<br/>OK: ASSERT_NEQ( NPOS, txt.find(&quot;assert_msg()&quot;) ) [867]<br/>OK: ASSERT_NEQ( NPOS, htm.find(&quot;-cond&quot;) ) [868]<br/>OK: ASSERT_NEQ( NPOS, htm.find(&quot;assert_msg()&quot;) ) [869]<br/>OK: ASSERT_NEQ( NPOS, xml.find(&quot;-cond&quot;) ) [870]<br/>OK: ASSERT_NEQ( NPOS, xml.find(&quot;assert_msg()&quot;) ) [871]<br/>Completed in 0 sec, 4 ms, asserts 13, failures 0<br/>PASS (OK)</li>
  </ul>
  <p id="anchor_assert_suite::assert_not_negative"></p>
  <h3>assert_suite::assert_not_negative</h3>
  <ul>
    <li>TEST STARTED: 2016-03-15 09:04:34<br/>LOCATION: /media/sf_E_DRIVE/tdog/src/selftest/assert_suite.hpp [875]<br/>AUTHOR: Andy Thomas<br/>TEST TYPE: TEST<br/>OK: ASSERT( tr.register_test( TDOG_GET_TCPTR(negative_suite::assert_not) ) ) [881]<br/>OK: ASSERT_NEQ( NPOS, txt.find(&quot;-cond&quot;) ) [892]<br/>OK: ASSERT_NEQ( NPOS, txt.find(&quot;assert_not_msg()&quot;) ) [893]<br/>Completed in 0 sec, 4 ms, asserts 3, failures 0<br/>PASS (OK)</li>
  </ul>
  <p id="anchor_assert_suite::assert_eq_negative"></p>
  <h3>assert_suite::assert_eq_negative</h3>
  <ul>
    <li>TEST STARTED: 2016-03-15 09:04:34<br/>LOCATION: /media/sf_E_DRIVE/tdog/src/selftest/assert_suite.hpp [896]<br/>AUTHOR: Andy Thomas<br/>TEST TYPE: TEST<br/>OK: ASSERT( tr.register_test( TDOG_GET_TCPTR(negative_suite::assert_eq) ) ) [902]<br/>OK: ASSERT_NEQ( NPOS, txt.find(&quot;-act&quot;) ) [913]<br/>OK: ASSERT_NEQ( NPOS, txt.find(&quot;assert_eq_msg(int)&quot;) ) [914]<br/>OK: ASSERT_NEQ( NPOS, txt.find(&quot;assert_eq_msg(unsigned)&quot;) ) [915]<br/>OK: ASSERT_NEQ( NPOS, txt.find(&quot;assert_eq_msg(string)&quot;) ) [916]<br/>OK: ASSERT_NEQ( NPOS, txt.find(&quot;assert_eq_msg(wstring)&quot;) ) [917]<br/>OK: ASSERT_NEQ( NPOS, txt.find(&quot;assert_eq_msg(vector)&quot;) ) [918]<br/>Completed in 0 sec, 3 ms, asserts 7, failures 0<br/>PASS (OK)</li>
  </ul>
  <p id="anchor_assert_suite::assert_neq_negative"></p>
  <h3>assert_suite::assert_neq_negative</h3>
  <ul>
    <li>TEST STARTED: 2016-03-15 09:04:34<br/>LOCATION: /media/sf_E_DRIVE/tdog/src/selftest/assert_suite.hpp [921]<br/>AUTHOR: Andy Thomas<br/>TEST TYPE: TEST<br/>OK: ASSERT( tr.register_test( TDOG_GET_TCPTR(negative_suite::assert_neq) ) ) [927]<br/>OK: ASSERT_NEQ( NPOS, txt.find(&quot;assert_neq_msg(int)&quot;) ) [938]<br/>OK: ASSERT_NEQ( NPOS, txt.find(&quot;assert_neq_msg(unsigned)&quot;) ) [939]<br/>OK: ASSERT_NEQ( NPOS, txt.find(&quot;assert_neq_msg(string)&quot;) ) [940]<br/>OK: ASSERT_NEQ( NPOS, txt.find(&quot;assert_neq_msg(wstring)&quot;) ) [941]<br/>OK: ASSERT_NEQ( NPOS, txt.find(&quot;assert_neq_msg(vector)&quot;) ) [942]<br/>Completed in 0 sec, 4 ms, asserts 6, failures 0<br/>PASS (OK)</li>
  </ul>
  <p id="anchor_assert_suite::assert_lt_negative"></p>
  <h3>assert_suite::assert_lt_negative</h3>
  <ul>
    <li>TEST STARTED: 2016-03-15 09:04:34<br/>LOCATION: /media/sf_E_DRIVE/tdog/src/selftest/assert_suite.hpp [945]<br/>AUTHOR: Andy Thomas<br/>TEST TYPE: TEST<br/>OK: ASSERT( tr.register_test( TDOG_GET_TCPTR(negative_suite::assert_lt) ) ) [951]<br/>OK: ASSERT_NEQ( NPOS, txt.find(&quot;assert_lt_msg(36)&quot;) ) [962]<br/>Completed in 0 sec, 3 ms, asserts 2, failures 0<br/>PASS (OK)</li>
  </ul>
  <p id="anchor_assert_suite::assert_lte_negative"></p>
  <h3>assert_suite::assert_lte_negative</h3>
  <ul>
    <li>TEST STARTED: 2016-03-15 09:04:34<br/>LOCATION: /media/sf_E_DRIVE/tdog/src/selftest/assert_suite.hpp [965]<br/>AUTHOR: Andy Thomas<br/>TEST TYPE: TEST<br/>OK: ASSERT( tr.register_test( TDOG_GET_TCPTR(negative_suite::assert_lte) ) ) [971]<br/>OK: ASSERT_NEQ( NPOS, txt.find(&quot;assert_lte_msg(35)&quot;) ) [982]<br/>Completed in 0 sec, 3 ms, asserts 2, failures 0<br/>PASS (OK)</li>
  </ul>
  <p id="anchor_assert_suite::assert_gt_negative"></p>
  <h3>assert_suite::assert_gt_negative</h3>
  <ul>
    <li>TEST STARTED: 2016-03-15 09:04:34<br/>LOCATION: /media/sf_E_DRIVE/tdog/src/selftest/assert_suite.hpp [985]<br/>AUTHOR: Andy Thomas<br/>TEST TYPE: TEST<br/>OK: ASSERT( tr.register_test( TDOG_GET_TCPTR(negative_suite::assert_gt) ) ) [991]<br/>OK: ASSERT_NEQ( NPOS, txt.find(&quot;assert_gt_msg(36)&quot;) ) [1002]<br/>Completed in 0 sec, 3 ms, asserts 2, failures 0<br/>PASS (OK)</li>
  </ul>
  <p id="anchor_assert_suite::assert_gte_negative"></p>
  <h3>assert_suite::assert_gte_negative</h3>
  <ul>
    <li>TEST STARTED: 2016-03-15 09:04:34<br/>LOCATION: /media/sf_E_DRIVE/tdog/src/selftest/assert_suite.hpp [1005]<br/>AUTHOR: Andy Thomas<br/>TEST TYPE: TEST<br/>OK: ASSERT( tr.register_test( TDOG_GET_TCPTR(negative_suite::assert_gte) ) ) [1011]<br/>OK: ASSERT_NEQ( NPOS, txt.find(&quot;assert_gte_msg(37)&quot;) ) [1022]<br/>Completed in 0 sec, 2 ms, asserts 2, failures 0<br/>PASS (OK)</li>
  </ul>
  <p id="anchor_assert_suite::assert_double_eq_negative"></p>
  <h3>assert_suite::assert_double_eq_negative</h3>
  <ul>
    <li>TEST STARTED: 2016-03-15 09:04:34<br/>LOCATION: /media/sf_E_DRIVE/tdog/src/selftest/assert_suite.hpp [1025]<br/>AUTHOR: Andy Thomas<br/>TEST TYPE: TEST<br/>OK: ASSERT( tr.register_test( TDOG_GET_TCPTR(negative_suite::assert_double_eq) ) ) [1031]<br/>OK: ASSERT_NEQ( NPOS, txt.find(&quot;assert_double_eq_msg()&quot;) ) [1042]<br/>Completed in 0 sec, 3 ms, asserts 2, failures 0<br/>PASS (OK)</li>
  </ul>
  <p id="anchor_assert_suite::assert_double_neq_negative"></p>
  <h3>assert_suite::assert_double_neq_negative</h3>
  <ul>
    <li>TEST STARTED: 2016-03-15 09:04:34<br/>LOCATION: /media/sf_E_DRIVE/tdog/src/selftest/assert_suite.hpp [1045]<br/>AUTHOR: Andy Thomas<br/>TEST TYPE: TEST<br/>OK: ASSERT( tr.register_test( TDOG_GET_TCPTR(negative_suite::assert_double_neq) ) ) [1051]<br/>OK: ASSERT_NEQ( NPOS, txt.find(&quot;assert_double_neq_msg()&quot;) ) [1062]<br/>Completed in 0 sec, 5 ms, asserts 2, failures 0<br/>PASS (OK)</li>
  </ul>
  <p id="anchor_assert_suite::assert_stric_eq_negative"></p>
  <h3>assert_suite::assert_stric_eq_negative</h3>
  <ul>
    <li>TEST STARTED: 2016-03-15 09:04:34<br/>LOCATION: /media/sf_E_DRIVE/tdog/src/selftest/assert_suite.hpp [1065]<br/>AUTHOR: Andy Thomas<br/>TEST TYPE: TEST<br/>OK: ASSERT( tr.register_test( TDOG_GET_TCPTR(negative_suite::assert_stric_eq) ) ) [1071]<br/>OK: ASSERT_NEQ( NPOS, txt.find(&quot;assert_stric_eq_msg()&quot;) ) [1082]<br/>Completed in 0 sec, 3 ms, asserts 2, failures 0<br/>PASS (OK)</li>
  </ul>
  <p id="anchor_assert_suite::assert_stric_neq_negative"></p>
  <h3>assert_suite::assert_stric_neq_negative</h3>
  <ul>
    <li>TEST STARTED: 2016-03-15 09:04:34<br/>LOCATION: /media/sf_E_DRIVE/tdog/src/selftest/assert_suite.hpp [1085]<br/>AUTHOR: Andy Thomas<br/>TEST TYPE: TEST<br/>OK: ASSERT( tr.register_test( TDOG_GET_TCPTR(negative_suite::assert_stric_neq) ) ) [1091]<br/>OK: ASSERT_NEQ( NPOS, txt.find(&quot;assert_stric_neq_msg()&quot;) ) [1102]<br/>Completed in 0 sec, 3 ms, asserts 2, failures 0<br/>PASS (OK)</li>
  </ul>
  <p id="anchor_assert_suite::assert_array_eq_negative"></p>
  <h3>assert_suite::assert_array_eq_negative</h3>
  <ul>
    <li>TEST STARTED: 2016-03-15 09:04:34<br/>LOCATION: /media/sf_E_DRIVE/tdog/src/selftest/assert_suite.hpp [1105]<br/>AUTHOR: Andy Thomas<br/>TEST TYPE: TEST<br/>OK: ASSERT( tr.register_test( TDOG_GET_TCPTR(negative_suite::assert_array_eq) ) ) [1111]<br/>OK: ASSERT_NEQ( NPOS, txt.find(&quot;assert_array_eq_msg(array)&quot;) ) [1122]<br/>OK: ASSERT_NEQ( NPOS, txt.find(&quot;assert_array_eq_msg(vector)&quot;) ) [1123]<br/>Completed in 0 sec, 4 ms, asserts 3, failures 0<br/>PASS (OK)</li>
  </ul>
  <p id="anchor_assert_suite::assert_array_neq_negative"></p>
  <h3>assert_suite::assert_array_neq_negative</h3>
  <ul>
    <li>TEST STARTED: 2016-03-15 09:04:34<br/>LOCATION: /media/sf_E_DRIVE/tdog/src/selftest/assert_suite.hpp [1126]<br/>AUTHOR: Andy Thomas<br/>TEST TYPE: TEST<br/>OK: ASSERT( tr.register_test( TDOG_GET_TCPTR(negative_suite::assert_array_neq) ) ) [1132]<br/>OK: ASSERT_NEQ( NPOS, txt.find(&quot;assert_array_neq_msg(array)&quot;) ) [1143]<br/>OK: ASSERT_NEQ( NPOS, txt.find(&quot;assert_array_neq_msg(vector)&quot;) ) [1144]<br/>Completed in 0 sec, 3 ms, asserts 3, failures 0<br/>PASS (OK)</li>
  </ul>
  <p id="anchor_assert_suite::assert_throw_negative"></p>
  <h3>assert_suite::assert_throw_negative</h3>
  <ul>
    <li>TEST STARTED: 2016-03-15 09:04:34<br/>LOCATION: /media/sf_E_DRIVE/tdog/src/selftest/assert_suite.hpp [1147]<br/>AUTHOR: Andy Thomas<br/>TEST TYPE: TEST<br/>OK: ASSERT( tr.register_test( TDOG_GET_TCPTR(negative_suite::assert_throw) ) ) [1153]<br/>Completed in 0 sec, 2 ms, asserts 1, failures 0<br/>PASS (OK)</li>
  </ul>
  <p id="anchor_assert_suite::assert_no_throw_negative"></p>
  <h3>assert_suite::assert_no_throw_negative</h3>
  <ul>
    <li>TEST STARTED: 2016-03-15 09:04:34<br/>LOCATION: /media/sf_E_DRIVE/tdog/src/selftest/assert_suite.hpp [1160]<br/>AUTHOR: Andy Thomas<br/>TEST TYPE: TEST<br/>OK: ASSERT( tr.register_test( TDOG_GET_TCPTR(negative_suite::assert_no_throw) ) ) [1166]<br/>Completed in 0 sec, 3 ms, asserts 1, failures 0<br/>PASS (OK)</li>
  </ul>
  <p id="anchor_assert_suite::force_fail"></p>
  <h3>assert_suite::force_fail</h3>
  <ul>
    <li>TEST STARTED: 2016-03-15 09:04:34<br/>LOCATION: /media/sf_E_DRIVE/tdog/src/selftest/assert_suite.hpp [1173]<br/>AUTHOR: Andy Thomas<br/>TEST TYPE: TEST<br/>OK: ASSERT( tr.register_test( TDOG_GET_TCPTR(negative_suite::force_fail) ) ) [1179]<br/>OK: ASSERT_NEQ( NPOS, txt.find(&quot;Test failure was forced&quot;) ) [1190]<br/>Completed in 0 sec, 3 ms, asserts 2, failures 0<br/>PASS (OK)</li>
  </ul>
  <p id="anchor_assert_suite::force_error"></p>
  <h3>assert_suite::force_error</h3>
  <ul>
    <li>TEST STARTED: 2016-03-15 09:04:34<br/>LOCATION: /media/sf_E_DRIVE/tdog/src/selftest/assert_suite.hpp [1193]<br/>AUTHOR: Andy Thomas<br/>TEST TYPE: TEST<br/>OK: ASSERT( tr.register_test( TDOG_GET_TCPTR(negative_suite::force_error) ) ) [1199]<br/>OK: ASSERT_NEQ( NPOS, txt.find(&quot;Test error was forced&quot;) ) [1210]<br/>Completed in 0 sec, 3 ms, asserts 2, failures 0<br/>PASS (OK)</li>
  </ul>
  <p id="anchor_assert_suite::has_test_failed"></p>
  <h3>assert_suite::has_test_failed</h3>
  <ul>
    <li>TEST STARTED: 2016-03-15 09:04:34<br/>LOCATION: /media/sf_E_DRIVE/tdog/src/selftest/assert_suite.hpp [1213]<br/>AUTHOR: Andy Thomas<br/>TEST TYPE: TEST<br/>OK: ASSERT( tr.register_test( TDOG_GET_TCPTR(negative_suite::has_test_failed) ) ) [1219]<br/>OK: ASSERT_NEQ( NPOS, txt.find(&quot;This is failure warning&quot;) ) [1230]<br/>Completed in 0 sec, 2 ms, asserts 2, failures 0<br/>PASS (OK)</li>
  </ul>
  <p id="anchor_discontig_suite::perform_test"></p>
  <h3>discontig_suite::perform_test</h3>
  <ul>
    <li>TEST STARTED: 2016-03-15 09:04:34<br/>LOCATION: /media/sf_E_DRIVE/tdog/src/selftest/discontig_suite.hpp [36]<br/>AUTHOR: Andy Thomas<br/>TEST TYPE: TEST<br/>OK: ASSERT( tr.register_test( TDOG_GET_TCPTR(internal_suite::test1a) ) ) [47]<br/>OK: ASSERT( tr.register_test( TDOG_GET_TCPTR(internal_suite::test1b) ) ) [48]<br/>OK: ASSERT( tr.register_test( TDOG_GET_TCPTR(internal_suite::test2a) ) ) [49]<br/>OK: ASSERT( tr.register_test( TDOG_GET_TCPTR(internal_suite::test2b) ) ) [50]<br/>OK: ASSERT_EQ( 0, tr.run() ) [53]<br/>OK: ASSERT_EQ( 0, tr.statistic_count(tdog::CNT_FAILED, &quot;*&quot;) ) [56]<br/>OK: ASSERT_EQ( 4, tr.statistic_count(tdog::CNT_PASSED, &quot;*&quot;) ) [57]<br/>OK: ASSERT_EQ( 4, tr.statistic_count(tdog::CNT_PASSED, &quot;discontig_suite::internal_suite::&quot;) ) [59]<br/>OK: ASSERT_EQ( tdog::TS_PASS_OK, tr.test_status(&quot;discontig_suite::internal_suite::test1a&quot;) ) [60]<br/>OK: ASSERT_EQ( tdog::TS_PASS_OK, tr.test_status(&quot;discontig_suite::internal_suite::test1b&quot;) ) [61]<br/>OK: ASSERT_EQ( tdog::TS_PASS_OK, tr.test_status(&quot;discontig_suite::internal_suite::test2a&quot;) ) [62]<br/>OK: ASSERT_EQ( tdog::TS_PASS_OK, tr.test_status(&quot;discontig_suite::internal_suite::test2b&quot;) ) [63]<br/>Completed in 0 sec, 5 ms, asserts 12, failures 0<br/>PASS (OK)</li>
  </ul>
  <p id="anchor_error_suite::error_test"></p>
  <h3>error_suite::error_test</h3>
  <ul>
    <li>TEST STARTED: 2016-03-15 09:04:34<br/>LOCATION: /media/sf_E_DRIVE/tdog/src/selftest/error_suite.hpp [54]<br/>AUTHOR: Andy Thomas<br/>TEST TYPE: TEST<br/>OK: ASSERT_EQ( 2, tr.run() ) [67]<br/>OK: ASSERT_EQ( 2, error_cnt ) [71]<br/>OK: ASSERT_NEQ( NPOS, s.find(&quot;runtime_error&quot;) ) [78]<br/>OK: ASSERT_NEQ( NPOS, s.find(&quot;The what message&quot;) ) [79]<br/>Completed in 0 sec, 3 ms, asserts 4, failures 0<br/>PASS (OK)</li>
  </ul>
  <p id="anchor_example_suite::is_prime_func"></p>
  <h3>example_suite::is_prime_func</h3>
  <ul>
    <li>TEST STARTED: 2016-03-15 09:04:34<br/>LOCATION: /media/sf_E_DRIVE/tdog/src/selftest/example_suite.hpp [59]<br/>AUTHOR: Andy Thomas<br/>TEST TYPE: TEST<br/>Completed in 0 sec, 3 ms, asserts 0, failures 0<br/>PASS (OK)</li>
  </ul>
  <p id="anchor_example_suite::enum_print"></p>
  <h3>example_suite::enum_print</h3>
  <ul>
    <li>TEST STARTED: 2016-03-15 09:04:34<br/>LOCATION: /media/sf_E_DRIVE/tdog/src/selftest/example_suite.hpp [71]<br/>AUTHOR: Andy Thomas<br/>TEST TYPE: TEST<br/>Enum value: 1 [76]<br/>Completed in 0 sec, 0 ms, asserts 0, failures 0<br/>PASS (OK)</li>
  </ul>
  <p id="anchor_example_suite::inject_test1"></p>
  <h3>example_suite::inject_test1</h3>
  <ul>
    <li>TEST STARTED: 2016-03-15 09:04:34<br/>LOCATION: /media/sf_E_DRIVE/tdog/src/selftest/example_suite.hpp [94]<br/>TEST TYPE: REPEATED<br/>REPEAT TYPE: inject_type<br/>USER TYPE: user_type77<br/>Type value: 77 [91]<br/>Completed in 0 sec, 0 ms, asserts 0, failures 0<br/>PASS (OK)</li>
  </ul>
  <p id="anchor_example_suite::inject_test2"></p>
  <h3>example_suite::inject_test2</h3>
  <ul>
    <li>TEST STARTED: 2016-03-15 09:04:34<br/>LOCATION: /media/sf_E_DRIVE/tdog/src/selftest/example_suite.hpp [95]<br/>TEST TYPE: REPEATED<br/>REPEAT TYPE: inject_type<br/>USER TYPE: user_type2001<br/>Type value: 2001 [91]<br/>Completed in 0 sec, 0 ms, asserts 0, failures 0<br/>PASS (OK)</li>
  </ul>
  <p id="anchor_example_suite::beast_suite::neighbor_test"></p>
  <h3>example_suite::beast_suite::neighbor_test</h3>
  <ul>
    <li>TEST STARTED: 2016-03-15 09:04:34<br/>LOCATION: /media/sf_E_DRIVE/tdog/src/selftest/example_suite.hpp [112]<br/>TEST TYPE: TEST<br/>OK: ASSERT_EQ( 668, neighbor_of_beast ) [115]<br/>Completed in 0 sec, 0 ms, asserts 1, failures 0<br/>PASS (OK)</li>
  </ul>
  <p id="anchor_fixture_suite::setup_positive"></p>
  <h3>fixture_suite::setup_positive</h3>
  <ul>
    <li>TEST STARTED: 2016-03-15 09:04:34<br/>LOCATION: /media/sf_E_DRIVE/tdog/src/selftest/fixture_suite.hpp [123]<br/>AUTHOR: Andy Thomas<br/>TEST TYPE: TEST<br/>OK: ASSERT( tr.register_test( TDOG_GET_TCPTR(internal_suite::fixture_ok) ) ) [134]<br/>OK: ASSERT( tr.register_test( TDOG_GET_TCPTR(internal_suite::_teardown2) ) ) [135]<br/>OK: ASSERT( tr.register_test( TDOG_GET_TCPTR(internal_suite::_teardown1) ) ) [136]<br/>OK: ASSERT( tr.register_test( TDOG_GET_TCPTR(internal_suite::SETUP2) ) ) [137]<br/>OK: ASSERT( tr.register_test( TDOG_GET_TCPTR(internal_suite::SETUP1) ) ) [138]<br/>OK: ASSERT_EQ( 0, tr.run(&quot;*&quot;) ) [144]<br/>OK: ASSERT_EQ( &quot;setup1 setup2 fix_c fix_setup fix_teardown fix_d teardown1 teardown2 &quot;, internal_suite::log ) [148]<br/>OK: ASSERT_NEQ( NPOS, txt.find(&quot;OK: Fixture teardown()&quot;) ) [155]<br/>Completed in 0 sec, 4 ms, asserts 8, failures 0<br/>PASS (OK)</li>
  </ul>
  <p id="anchor_fixture_suite::skip_on_fail"></p>
  <h3>fixture_suite::skip_on_fail</h3>
  <ul>
    <li>TEST STARTED: 2016-03-15 09:04:34<br/>LOCATION: /media/sf_E_DRIVE/tdog/src/selftest/fixture_suite.hpp [158]<br/>AUTHOR: Andy Thomas<br/>TEST TYPE: TEST<br/>OK: ASSERT( tr.register_test( TDOG_GET_TCPTR(internal_suite::fixture_ok) ) ) [168]<br/>OK: ASSERT( tr.register_test( TDOG_GET_TCPTR(internal_suite::_teardown2) ) ) [169]<br/>OK: ASSERT( tr.register_test( TDOG_GET_TCPTR(internal_suite::_teardown1) ) ) [170]<br/>OK: ASSERT( tr.register_test( TDOG_GET_TCPTR(internal_suite::SETUP_FAIL) ) ) [171]<br/>OK: ASSERT_EQ( 1, tr.run(&quot;*&quot;) ) [177]<br/>OK: ASSERT_EQ( &quot;setup1 &quot;, internal_suite::log ) [180]<br/>OK: ASSERT_EQ( tdog::TS_FAILED, tr.test_status(&quot;fixture_suite::internal_suite::SETUP_FAIL&quot;) ) [183]<br/>OK: ASSERT_EQ( tdog::TS_SKIPPED, tr.test_status(&quot;fixture_suite::internal_suite::fixture_ok&quot;) ) [184]<br/>OK: ASSERT_EQ( tdog::TS_SKIPPED, tr.test_status(&quot;fixture_suite::internal_suite::_teardown1&quot;) ) [185]<br/>OK: ASSERT_EQ( tdog::TS_SKIPPED, tr.test_status(&quot;fixture_suite::internal_suite::_teardown2&quot;) ) [186]<br/>Completed in 0 sec, 3 ms, asserts 10, failures 0<br/>PASS (OK)</li>
  </ul>
  <p id="anchor_fixture_suite::skip_on_error"></p>
  <h3>fixture_suite::skip_on_error</h3>
  <ul>
    <li>TEST STARTED: 2016-03-15 09:04:34<br/>LOCATION: /media/sf_E_DRIVE/tdog/src/selftest/fixture_suite.hpp [189]<br/>AUTHOR: Andy Thomas<br/>TEST TYPE: TEST<br/>OK: ASSERT( tr.register_test( TDOG_GET_TCPTR(internal_suite::fixture_ok) ) ) [199]<br/>OK: ASSERT( tr.register_test( TDOG_GET_TCPTR(internal_suite::_teardown2) ) ) [200]<br/>OK: ASSERT( tr.register_test( TDOG_GET_TCPTR(internal_suite::_teardown1) ) ) [201]<br/>OK: ASSERT( tr.register_test( TDOG_GET_TCPTR(internal_suite::SETUP_ERROR) ) ) [202]<br/>OK: ASSERT_EQ( 1, tr.run(&quot;*&quot;) ) [208]<br/>OK: ASSERT_EQ( &quot;setup1 &quot;, internal_suite::log ) [211]<br/>OK: ASSERT_EQ( tdog::TS_ERROR, tr.test_status(&quot;fixture_suite::internal_suite::SETUP_ERROR&quot;) ) [214]<br/>OK: ASSERT_EQ( tdog::TS_SKIPPED, tr.test_status(&quot;fixture_suite::internal_suite::fixture_ok&quot;) ) [215]<br/>OK: ASSERT_EQ( tdog::TS_SKIPPED, tr.test_status(&quot;fixture_suite::internal_suite::_teardown1&quot;) ) [216]<br/>OK: ASSERT_EQ( tdog::TS_SKIPPED, tr.test_status(&quot;fixture_suite::internal_suite::_teardown2&quot;) ) [217]<br/>Completed in 0 sec, 3 ms, asserts 10, failures 0<br/>PASS (OK)</li>
  </ul>
  <p id="anchor_fixture_suite::class_setup_fail"></p>
  <h3>fixture_suite::class_setup_fail</h3>
  <ul>
    <li>TEST STARTED: 2016-03-15 09:04:34<br/>LOCATION: /media/sf_E_DRIVE/tdog/src/selftest/fixture_suite.hpp [220]<br/>AUTHOR: Andy Thomas<br/>TEST TYPE: TEST<br/>OK: ASSERT( tr.register_test( TDOG_GET_TCPTR(internal_suite::fixture_fail) ) ) [230]<br/>OK: ASSERT_EQ( 1, tr.run(&quot;*&quot;) ) [236]<br/>OK: ASSERT_EQ( &quot;fix_c fix_setup fix_d &quot;, internal_suite::log ) [239]<br/>OK: ASSERT_EQ( tdog::TS_ERROR, tr.test_status(&quot;fixture_suite::internal_suite::fixture_fail&quot;) ) [242]<br/>Completed in 0 sec, 3 ms, asserts 4, failures 0<br/>PASS (OK)</li>
  </ul>
  <p id="anchor_fixture_suite::class_test_throw"></p>
  <h3>fixture_suite::class_test_throw</h3>
  <ul>
    <li>TEST STARTED: 2016-03-15 09:04:34<br/>LOCATION: /media/sf_E_DRIVE/tdog/src/selftest/fixture_suite.hpp [245]<br/>AUTHOR: Andy Thomas<br/>TEST TYPE: TEST<br/>OK: ASSERT( tr.register_test( TDOG_GET_TCPTR(internal_suite::fixture_test_throw) ) ) [255]<br/>OK: ASSERT_EQ( 1, tr.run(&quot;*&quot;) ) [261]<br/>OK: ASSERT_EQ( &quot;fix_c fix_setup fix_teardown fix_d &quot;, internal_suite::log ) [264]<br/>OK: ASSERT_EQ( tdog::TS_ERROR, tr.test_status(&quot;fixture_suite::internal_suite::fixture_test_throw&quot;) ) [267]<br/>Completed in 0 sec, 3 ms, asserts 4, failures 0<br/>PASS (OK)</li>
  </ul>
  <p id="anchor_fixture_suite::class_teardown_throw"></p>
  <h3>fixture_suite::class_teardown_throw</h3>
  <ul>
    <li>TEST STARTED: 2016-03-15 09:04:34<br/>LOCATION: /media/sf_E_DRIVE/tdog/src/selftest/fixture_suite.hpp [270]<br/>AUTHOR: Andy Thomas<br/>TEST TYPE: TEST<br/>OK: ASSERT( tr.register_test( TDOG_GET_TCPTR(internal_suite::fixture_teardown_throw) ) ) [280]<br/>OK: ASSERT_EQ( 1, tr.run(&quot;*&quot;) ) [286]<br/>OK: ASSERT_EQ( &quot;fix_c fix_setup fix_d &quot;, internal_suite::log ) [289]<br/>OK: ASSERT_EQ( tdog::TS_ERROR, tr.test_status(&quot;fixture_suite::internal_suite::fixture_teardown_throw&quot;) ) [292]<br/>OK: ASSERT_NEQ( NPOS, txt.find(&quot;FAIL: Fixture teardown()&quot;) ) [299]<br/>Completed in 0 sec, 3 ms, asserts 5, failures 0<br/>PASS (OK)</li>
  </ul>
  <p id="anchor_message_suite::print"></p>
  <h3>message_suite::print</h3>
  <ul>
    <li>TEST STARTED: 2016-03-15 09:04:34<br/>LOCATION: /media/sf_E_DRIVE/tdog/src/selftest/message_suite.hpp [129]<br/>AUTHOR: Andy Thomas<br/>TEST TYPE: TEST<br/>OK: ASSERT_EQ( 0, tr.run() ) [138]<br/>OK: ASSERT_NEQ( NPOS, txt.find(&quot;PRINT&lt;none&gt;&quot;) ) [156]<br/>OK: ASSERT_NEQ( NPOS, htm.find(&quot;PRINT&amp;lt;none&amp;gt;&quot;) ) [157]<br/>OK: ASSERT_NEQ( NPOS, xml.find(&quot;PRINT&amp;lt;none&amp;gt;&quot;) ) [158]<br/>Completed in 0 sec, 3 ms, asserts 4, failures 0<br/>PASS (OK)</li>
  </ul>
  <p id="anchor_message_suite::printf_bool"></p>
  <h3>message_suite::printf_bool</h3>
  <ul>
    <li>TEST STARTED: 2016-03-15 09:04:34<br/>LOCATION: /media/sf_E_DRIVE/tdog/src/selftest/message_suite.hpp [161]<br/>AUTHOR: Andy Thomas<br/>TEST TYPE: TEST<br/>OK: ASSERT_EQ( 0, tr.run() ) [168]<br/>OK: ASSERT_NEQ( NPOS, txt.find(&quot;PRINT&lt;bool&gt; true&quot;) ) [174]<br/>OK: ASSERT_NEQ( NPOS, txt.find(&quot;PRINT&lt;bool&gt; false&quot;) ) [175]<br/>Completed in 0 sec, 4 ms, asserts 3, failures 0<br/>PASS (OK)</li>
  </ul>
  <p id="anchor_message_suite::printf_int"></p>
  <h3>message_suite::printf_int</h3>
  <ul>
    <li>TEST STARTED: 2016-03-15 09:04:34<br/>LOCATION: /media/sf_E_DRIVE/tdog/src/selftest/message_suite.hpp [178]<br/>AUTHOR: Andy Thomas<br/>TEST TYPE: TEST<br/>OK: ASSERT_EQ( 0, tr.run() ) [185]<br/>OK: ASSERT_NEQ( NPOS, txt.find(&quot;PRINTF&lt;int&gt; 34283, HEX: 0x000085EB, OCT:0102753&quot;) ) [191]<br/>Completed in 0 sec, 4 ms, asserts 2, failures 0<br/>PASS (OK)</li>
  </ul>
  <p id="anchor_message_suite::printf_str"></p>
  <h3>message_suite::printf_str</h3>
  <ul>
    <li>TEST STARTED: 2016-03-15 09:04:34<br/>LOCATION: /media/sf_E_DRIVE/tdog/src/selftest/message_suite.hpp [194]<br/>AUTHOR: Andy Thomas<br/>TEST TYPE: TEST<br/>OK: ASSERT_EQ( 0, tr.run() ) [201]<br/>OK: ASSERT_NEQ( NPOS, txt.find(&quot;PRINTF&lt;str&gt; hello world&quot;) ) [207]<br/>OK: ASSERT_NEQ( NPOS, txt.find(&quot;PRINTF&lt;str&gt; std::string&quot;) ) [208]<br/>Completed in 0 sec, 3 ms, asserts 3, failures 0<br/>PASS (OK)</li>
  </ul>
  <p id="anchor_message_suite::printf_wstr"></p>
  <h3>message_suite::printf_wstr</h3>
  <ul>
    <li>TEST STARTED: 2016-03-15 09:04:34<br/>LOCATION: /media/sf_E_DRIVE/tdog/src/selftest/message_suite.hpp [211]<br/>AUTHOR: Andy Thomas<br/>TEST TYPE: TEST<br/>OK: ASSERT_EQ( 0, tr.run() ) [218]<br/>OK: ASSERT_NEQ( NPOS, txt.find(&quot;PRINTF&lt;wstr&gt; hello world&quot;) ) [224]<br/>OK: ASSERT_NEQ( NPOS, txt.find(&quot;PRINTF&lt;wstr&gt; std::wstring&quot;) ) [225]<br/>Completed in 0 sec, 3 ms, asserts 3, failures 0<br/>PASS (OK)</li>
  </ul>
  <p id="anchor_message_suite::printf_kstr"></p>
  <h3>message_suite::printf_kstr</h3>
  <ul>
    <li>TEST STARTED: 2016-03-15 09:04:34<br/>LOCATION: /media/sf_E_DRIVE/tdog/src/selftest/message_suite.hpp [228]<br/>AUTHOR: Andy Thomas<br/>TEST TYPE: TEST<br/>OK: ASSERT_EQ( 0, tr.run() ) [235]<br/>OK: ASSERT_NEQ( NPOS, txt.find(&quot;PRINTF&lt;kstr&gt; hello\\tworld&quot;) ) [241]<br/>Completed in 0 sec, 3 ms, asserts 2, failures 0<br/>PASS (OK)</li>
  </ul>
  <p id="anchor_message_suite::printf_char"></p>
  <h3>message_suite::printf_char</h3>
  <ul>
    <li>TEST STARTED: 2016-03-15 09:04:34<br/>LOCATION: /media/sf_E_DRIVE/tdog/src/selftest/message_suite.hpp [244]<br/>AUTHOR: Andy Thomas<br/>TEST TYPE: TEST<br/>OK: ASSERT_EQ( 0, tr.run() ) [251]<br/>OK: ASSERT_NEQ( NPOS, txt.find(&quot;PRINTF&lt;str&gt; char*&quot;) ) [257]<br/>OK: ASSERT_NEQ( NPOS, txt.find(&quot;PRINTF&lt;str&gt; const char*&quot;) ) [258]<br/>OK: ASSERT_NEQ( NPOS, txt.find(&quot;PRINTF&lt;str&gt; wchar_t*&quot;) ) [259]<br/>OK: ASSERT_NEQ( NPOS, txt.find(&quot;PRINTF&lt;str&gt; const wchar_t*&quot;) ) [260]<br/>OK: ASSERT_NEQ( NPOS, txt.find(&quot;PRINTF&lt;str&gt; &lt;nullptr&gt;&quot;) ) [261]<br/>OK: ASSERT_NEQ( NPOS, txt.find(&quot;PRINTF&lt;wstr&gt; &lt;nullptr&gt;&quot;) ) [262]<br/>Completed in 0 sec, 3 ms, asserts 7, failures 0<br/>PASS (OK)</li>
  </ul>
  <p id="anchor_message_suite::printf_double"></p>
  <h3>message_suite::printf_double</h3>
  <ul>
    <li>TEST STARTED: 2016-03-15 09:04:34<br/>LOCATION: /media/sf_E_DRIVE/tdog/src/selftest/message_suite.hpp [265]<br/>AUTHOR: Andy Thomas<br/>TEST TYPE: TEST<br/>OK: ASSERT_EQ( 0, tr.run() ) [272]<br/>OK: ASSERT_NEQ( NPOS, txt.find(&quot;PRINTF&lt;double&gt; 3.142&quot;) ) [278]<br/>Completed in 0 sec, 3 ms, asserts 2, failures 0<br/>PASS (OK)</li>
  </ul>
  <p id="anchor_message_suite::printf_pointer"></p>
  <h3>message_suite::printf_pointer</h3>
  <ul>
    <li>TEST STARTED: 2016-03-15 09:04:34<br/>LOCATION: /media/sf_E_DRIVE/tdog/src/selftest/message_suite.hpp [281]<br/>AUTHOR: Andy Thomas<br/>TEST TYPE: TEST<br/>OK: ASSERT_EQ( 0, tr.run() ) [288]<br/>OK: ASSERT_NEQ( NPOS, txt.find(&quot;PRINTF&lt;class&gt; addr:&quot;) ) [294]<br/>OK: ASSERT_NEQ( NPOS, txt.find(&quot;PRINTF&lt;class&gt; &lt;nullptr&gt;&quot;) ) [295]<br/>Completed in 0 sec, 3 ms, asserts 3, failures 0<br/>PASS (OK)</li>
  </ul>
  <p id="anchor_message_suite::printf_typed"></p>
  <h3>message_suite::printf_typed</h3>
  <ul>
    <li>TEST STARTED: 2016-03-15 09:04:34<br/>LOCATION: /media/sf_E_DRIVE/tdog/src/selftest/message_suite.hpp [298]<br/>AUTHOR: Andy Thomas<br/>TEST TYPE: TEST<br/>OK: ASSERT_EQ( 0, tr.run() ) [305]<br/>OK: ASSERT_NEQ( NPOS, txt.find(&quot;PRINTF&lt;enum&gt; 1&quot;) ) [311]<br/>OK: ASSERT_NEQ( NPOS, txt.find(&quot;PRINTF&lt;size&gt; 2001&quot;) ) [312]<br/>Completed in 0 sec, 3 ms, asserts 3, failures 0<br/>PASS (OK)</li>
  </ul>
  <p id="anchor_message_suite::printf_unknown"></p>
  <h3>message_suite::printf_unknown</h3>
  <ul>
    <li>TEST STARTED: 2016-03-15 09:04:34<br/>LOCATION: /media/sf_E_DRIVE/tdog/src/selftest/message_suite.hpp [315]<br/>AUTHOR: Andy Thomas<br/>TEST TYPE: TEST<br/>OK: ASSERT_EQ( 0, tr.run() ) [322]<br/>OK: ASSERT_NEQ( NPOS, txt.find(&quot;PRINTF&lt;class&gt; &lt;unknown type&gt;&quot;) ) [328]<br/>Completed in 0 sec, 3 ms, asserts 2, failures 0<br/>PASS (OK)</li>
  </ul>
  <p id="anchor_message_suite::warnings"></p>
  <h3>message_suite::warnings</h3>
  <ul>
    <li>TEST STARTED: 2016-03-15 09:04:34<br/>LOCATION: /media/sf_E_DRIVE/tdog/src/selftest/message_suite.hpp [331]<br/>AUTHOR: Andy Thomas<br/>TEST TYPE: TEST<br/>OK: ASSERT_EQ( 0, tr.run() ) [338]<br/>OK: ASSERT_EQ( 1, tr.statistic_count(tdog::CNT_WARNINGS) ) [340]<br/>OK: ASSERT_NEQ( NPOS, txt.find(&quot;This is a warning&quot;) ) [355]<br/>OK: ASSERT_NEQ( NPOS, htm.find(&quot;This is a warning&quot;) ) [356]<br/>OK: ASSERT_NEQ( NPOS, xml.find(&quot;This is a warning&quot;) ) [357]<br/>Completed in 0 sec, 5 ms, asserts 5, failures 0<br/>PASS (OK)</li>
  </ul>
  <p id="anchor_message_suite::print_warn"></p>
  <h3>message_suite::print_warn</h3>
  <ul>
    <li>TEST STARTED: 2016-03-15 09:04:34<br/>LOCATION: /media/sf_E_DRIVE/tdog/src/selftest/message_suite.hpp [360]<br/>AUTHOR: Andy Thomas<br/>TEST TYPE: TEST<br/>WARNING: This is an example warning - the test should pass [363]<br/>Completed in 0 sec, 0 ms, asserts 0, failures 0<br/>PASS (WARN)</li>
  </ul>
  <p id="anchor_naming_suite::name_matching_impl"></p>
  <h3>naming_suite::name_matching_impl</h3>
  <ul>
    <li>TEST STARTED: 2016-03-15 09:04:34<br/>LOCATION: /media/sf_E_DRIVE/tdog/src/selftest/naming_suite.hpp [89]<br/>AUTHOR: Andy Thomas<br/>TEST TYPE: TEST<br/>OK: ASSERT_EQ( 0, suite_open.counter() ) [105]<br/>OK: ASSERT_EQ( 0, suite_close.counter() ) [106]<br/>OK: ASSERT( test_def.name_equals(&quot;test_name&quot;, false) ) [109]<br/>OK: ASSERT( test_def.name_equals(&quot;::test_name&quot;, false) ) [110]<br/>OK: ASSERT( test_def.name_equals(&quot;::&quot;, false) ) [111]<br/>OK: ASSERT( test_def.name_equals(&quot;*&quot;, false) ) [112]<br/>OK: ASSERT( test_def.name_equals(&quot;::*&quot;, false) ) [113]<br/>OK: ASSERT_NOT( test_def.name_equals(&quot;wrong_name&quot;, false) ) [116]<br/>OK: ASSERT_NOT( test_def.name_equals(&quot;test*&quot;, false) ) [117]<br/>OK: ASSERT_NOT( test_def.name_equals(&quot;test::*&quot;, false) ) [118]<br/>OK: ASSERT_NOT( test_def.name_equals(&quot;&quot;, false) ) [119]<br/>Completed in 0 sec, 0 ms, asserts 11, failures 0<br/>PASS (OK)</li>
  </ul>
  <p id="anchor_naming_suite::suite_matching_impl"></p>
  <h3>naming_suite::suite_matching_impl</h3>
  <ul>
    <li>TEST STARTED: 2016-03-15 09:04:34<br/>LOCATION: /media/sf_E_DRIVE/tdog/src/selftest/naming_suite.hpp [122]<br/>AUTHOR: Andy Thomas<br/>TEST TYPE: TEST<br/>OK: ASSERT( test_named.name_equals(&quot;suite1::suite2::test_name&quot;, false) ) [133]<br/>OK: ASSERT( test_named.name_equals(&quot;::suite1::suite2::test_name&quot;, false) ) [134]<br/>OK: ASSERT( test_named.name_equals(&quot;suite1::suite2::&quot;, false) ) [135]<br/>OK: ASSERT( test_named.name_equals(&quot;::suite1::suite2::&quot;, false) ) [136]<br/>OK: ASSERT( test_named.name_equals(&quot;suite1::*&quot;, false) ) [137]<br/>OK: ASSERT( test_named.name_equals(&quot;*&quot;, false) ) [138]<br/>OK: ASSERT( test_named.name_equals(&quot;::*&quot;, false) ) [139]<br/>OK: ASSERT_NOT( test_named.name_equals(&quot;suite1::suite2::wrong_name&quot;, false) ) [142]<br/>OK: ASSERT_NOT( test_named.name_equals(&quot;suite1::wrong_suite::test_name&quot;, false) ) [143]<br/>OK: ASSERT_NOT( test_named.name_equals(&quot;suite1::&quot;, false) ) [144]<br/>OK: ASSERT_NOT( test_named.name_equals(&quot;suite1::suite::*&quot;, false) ) [145]<br/>OK: ASSERT_NOT( test_named.name_equals(&quot;&quot;, false) ) [146]<br/>OK: ASSERT_NOT( test_named.name_equals(&quot;*&quot;, true) ) [147]<br/>OK: ASSERT_NOT( test_named.name_equals(&quot;::*&quot;, true) ) [148]<br/>Completed in 0 sec, 0 ms, asserts 14, failures 0<br/>PASS (OK)</li>
  </ul>
  <p id="anchor_naming_suite::postive_tests"></p>
  <h3>naming_suite::postive_tests</h3>
  <ul>
    <li>TEST STARTED: 2016-03-15 09:04:34<br/>LOCATION: /media/sf_E_DRIVE/tdog/src/selftest/naming_suite.hpp [151]<br/>AUTHOR: Andy Thomas<br/>TEST TYPE: TEST<br/>OK: ASSERT( tr.exists(&quot;naming_suite::internal_suite::same_name&quot;) ) [166]<br/>OK: ASSERT( tr.exists(&quot;naming_suite::internal_suite::same_name::subtest&quot;) ) [167]<br/>OK: ASSERT( tr.exists(&quot;naming_suite::*&quot;) ) [168]<br/>OK: ASSERT( tr.exists(&quot;::*&quot;) ) [171]<br/>OK: ASSERT( tr.exists(&quot;::naming_suite::internal_suite::same_name&quot;) ) [172]<br/>OK: ASSERT( tr.exists(&quot;::naming_suite::internal_suite::same_name::subtest&quot;) ) [173]<br/>OK: ASSERT( tr.exists(&quot;naming_suite::internal_suite::&quot;) ) [176]<br/>OK: ASSERT( tr.exists(&quot;naming_suite::internal_suite::same_name::&quot;) ) [177]<br/>OK: ASSERT_EQ( 0, tr.run() ) [180]<br/>Completed in 0 sec, 5 ms, asserts 9, failures 0<br/>PASS (OK)</li>
  </ul>
  <p id="anchor_naming_suite::negative_tests"></p>
  <h3>naming_suite::negative_tests</h3>
  <ul>
    <li>TEST STARTED: 2016-03-15 09:04:34<br/>LOCATION: /media/sf_E_DRIVE/tdog/src/selftest/naming_suite.hpp [183]<br/>AUTHOR: Andy Thomas<br/>TEST TYPE: TEST<br/>OK: ASSERT_NOT( tr.exists(&quot;::&quot;) ) [198]<br/>OK: ASSERT_NOT( tr.exists(&quot;naming_suite::&quot;) ) [199]<br/>OK: ASSERT_NOT( tr.exists(&quot;naming_suite::internal_suite&quot;) ) [200]<br/>OK: ASSERT_NOT( tr.exists(&quot;naming_suite::internal_suite::same_&quot;) ) [201]<br/>OK: ASSERT_EQ( 0, tr.run() ) [204]<br/>Completed in 0 sec, 3 ms, asserts 5, failures 0<br/>PASS (OK)</li>
  </ul>
  <p id="anchor_repeated_suite::repeated_baseobj"></p>
  <h3>repeated_suite::repeated_baseobj</h3>
  <ul>
    <li>TEST STARTED: 2016-03-15 09:04:34<br/>LOCATION: /media/sf_E_DRIVE/tdog/src/selftest/repeated_suite.hpp [156]<br/>AUTHOR: Andy Thomas<br/>TEST TYPE: TEST<br/>OK: ASSERT( tr.register_test( TDOG_GET_TCPTR(internal_suite::inc_test) ) ) [165]<br/>OK: ASSERT( tr.register_test( TDOG_GET_TCPTR(internal_suite::dec_test) ) ) [166]<br/>OK: ASSERT_EQ( 0, tr.run(&quot;*&quot;) ) [169]<br/>OK: ASSERT_NEQ( NPOS, s.find(&quot;REPEATED&quot;) ) [178]<br/>OK: ASSERT_NEQ( NPOS, s.find(&quot;baseobj_test&quot;) ) [179]<br/>Completed in 0 sec, 4 ms, asserts 5, failures 0<br/>PASS (OK)</li>
  </ul>
  <p id="anchor_repeated_suite::repeated_template"></p>
  <h3>repeated_suite::repeated_template</h3>
  <ul>
    <li>TEST STARTED: 2016-03-15 09:04:34<br/>LOCATION: /media/sf_E_DRIVE/tdog/src/selftest/repeated_suite.hpp [182]<br/>AUTHOR: Andy Thomas<br/>TEST TYPE: TEST<br/>OK: ASSERT( tr.register_test( TDOG_GET_TCPTR(internal_suite::narrow_test) ) ) [191]<br/>OK: ASSERT( tr.register_test( TDOG_GET_TCPTR(internal_suite::wide_test) ) ) [192]<br/>OK: ASSERT_EQ( 0, tr.run(&quot;*&quot;) ) [195]<br/>OK: ASSERT_NEQ( NPOS, s.find(&quot;REPEATED&quot;) ) [204]<br/>OK: ASSERT_NEQ( NPOS, s.find(&quot;template_test&quot;) ) [205]<br/>Completed in 0 sec, 3 ms, asserts 5, failures 0<br/>PASS (OK)</li>
  </ul>
  <p id="anchor_repeated_suite::repeated_cross_suite"></p>
  <h3>repeated_suite::repeated_cross_suite</h3>
  <ul>
    <li>TEST STARTED: 2016-03-15 09:04:34<br/>LOCATION: /media/sf_E_DRIVE/tdog/src/selftest/repeated_suite.hpp [208]<br/>AUTHOR: Andy Thomas<br/>TEST TYPE: TEST<br/>OK: ASSERT( tr.register_test( TDOG_GET_TCPTR(internal_suite::nested_suite::narrow_test) ) ) [217]<br/>OK: ASSERT( tr.register_test( TDOG_GET_TCPTR(internal_suite::nested_suite::wide_test) ) ) [218]<br/>OK: ASSERT( tr.register_test( TDOG_GET_TCPTR(internal_suite::nested_suite::inc_test) ) ) [219]<br/>OK: ASSERT( tr.register_test( TDOG_GET_TCPTR(internal_suite::nested_suite::dec_test) ) ) [220]<br/>OK: ASSERT_EQ( 0, tr.run(&quot;*&quot;) ) [223]<br/>OK: ASSERT_NEQ( NPOS, s.find(&quot;REPEATED&quot;) ) [232]<br/>OK: ASSERT_NEQ( NPOS, s.find(&quot;template_test&quot;) ) [233]<br/>OK: ASSERT_NEQ( NPOS, s.find(&quot;baseobj_test&quot;) ) [234]<br/>Completed in 0 sec, 3 ms, asserts 8, failures 0<br/>PASS (OK)</li>
  </ul>
  <p id="anchor_runner_suite::stats_all"></p>
  <h3>runner_suite::stats_all</h3>
  <ul>
    <li>TEST STARTED: 2016-03-15 09:04:34<br/>LOCATION: /media/sf_E_DRIVE/tdog/src/selftest/runner_suite.hpp [88]<br/>AUTHOR: Andy Thomas<br/>TEST TYPE: TEST<br/>OK: ASSERT( tr.register_test( TDOG_GET_TCPTR(internal_suite::pass_assert1) ) ) [95]<br/>OK: ASSERT( tr.register_test( TDOG_GET_TCPTR(internal_suite::pass_assert2) ) ) [96]<br/>OK: ASSERT( tr.register_test( TDOG_GET_TCPTR(internal_suite::fail_assert) ) ) [97]<br/>OK: ASSERT( tr.register_test( TDOG_GET_TCPTR(internal_suite::nested_suite::pass1) ) ) [98]<br/>OK: ASSERT( tr.register_test( TDOG_GET_TCPTR(internal_suite::nested_suite::pass2) ) ) [99]<br/>OK: ASSERT_EQ( 1, rslt ) [103]<br/>OK: ASSERT_EQ( 5, tr.statistic_count(tdog::CNT_TOTAL, &quot;*&quot;) ) [106]<br/>OK: ASSERT_EQ( 5, tr.statistic_count(tdog::CNT_RAN, &quot;*&quot;) ) [107]<br/>OK: ASSERT_EQ( 1, tr.statistic_count(tdog::CNT_FAILED, &quot;*&quot;) ) [108]<br/>OK: ASSERT_EQ( 0, tr.statistic_count(tdog::CNT_SKIPPED, &quot;*&quot;) ) [109]<br/>OK: ASSERT_EQ( 0, tr.statistic_count(tdog::CNT_DISABLED, &quot;*&quot;) ) [110]<br/>Completed in 0 sec, 4 ms, asserts 11, failures 0<br/>PASS (OK)</li>
  </ul>
  <p id="anchor_runner_suite::stats_some"></p>
  <h3>runner_suite::stats_some</h3>
  <ul>
    <li>TEST STARTED: 2016-03-15 09:04:34<br/>LOCATION: /media/sf_E_DRIVE/tdog/src/selftest/runner_suite.hpp [113]<br/>AUTHOR: Andy Thomas<br/>TEST TYPE: TEST<br/>OK: ASSERT( tr.register_test( TDOG_GET_TCPTR(internal_suite::pass_assert1) ) ) [120]<br/>OK: ASSERT( tr.register_test( TDOG_GET_TCPTR(internal_suite::pass_assert2) ) ) [121]<br/>OK: ASSERT( tr.register_test( TDOG_GET_TCPTR(internal_suite::fail_assert) ) ) [122]<br/>OK: ASSERT( tr.register_test( TDOG_GET_TCPTR(internal_suite::nested_suite::pass1) ) ) [123]<br/>OK: ASSERT( tr.register_test( TDOG_GET_TCPTR(internal_suite::nested_suite::pass2) ) ) [124]<br/>OK: ASSERT_EQ( 1, rslt ) [132]<br/>OK: ASSERT_EQ( 5, tr.statistic_count(tdog::CNT_TOTAL, &quot;*&quot;) ) [136]<br/>OK: ASSERT_EQ( 4, tr.statistic_count(tdog::CNT_RAN, &quot;*&quot;) ) [137]<br/>OK: ASSERT_EQ( 1, tr.statistic_count(tdog::CNT_FAILED, &quot;*&quot;) ) [138]<br/>OK: ASSERT_EQ( 0, tr.statistic_count(tdog::CNT_SKIPPED, &quot;*&quot;) ) [139]<br/>OK: ASSERT_EQ( 0, tr.statistic_count(tdog::CNT_DISABLED, &quot;*&quot;) ) [140]<br/>OK: ASSERT_EQ( 0, tr.statistic_count(tdog::CNT_ERRORS, &quot;*&quot;) ) [141]<br/>Completed in 0 sec, 3 ms, asserts 12, failures 0<br/>PASS (OK)</li>
  </ul>
  <p id="anchor_runner_suite::parsing"></p>
  <h3>runner_suite::parsing</h3>
  <ul>
    <li>TEST STARTED: 2016-03-15 09:04:34<br/>LOCATION: /media/sf_E_DRIVE/tdog/src/selftest/runner_suite.hpp [144]<br/>TEST TYPE: PROTECTED<br/>USER TYPE: tdog::runner<br/>OK: ASSERT( _run_parse&lt;char&gt;(7, argv1, rout, dout) ) [151]<br/>OK: ASSERT_EQ( &quot;TEST1,SUITE1::TEST2,TEST3&quot;, rout ) [152]<br/>OK: ASSERT_EQ( &quot;TEST4&quot;, dout ) [153]<br/>OK: ASSERT( _run_parse&lt;char&gt;(7, argv2, rout, dout) ) [157]<br/>OK: ASSERT_EQ( &quot;TEST1,SUITE1::TEST2,TEST3&quot;, rout ) [158]<br/>OK: ASSERT_EQ( &quot;TEST4&quot;, dout ) [159]<br/>OK: ASSERT( _run_parse&lt;char&gt;(4, argv3, rout, dout) ) [162]<br/>OK: ASSERT_EQ( &quot;*&quot;, rout ) [163]<br/>OK: ASSERT_EQ( &quot;TEST4&quot;, dout ) [164]<br/>OK: ASSERT( _run_parse&lt;char&gt;(6, argv4, rout, dout) ) [167]<br/>OK: ASSERT_EQ( &quot;TEST1,SUITE1::TEST2,TEST3&quot;, rout ) [168]<br/>OK: ASSERT_EQ( &quot;TEST4&quot;, dout ) [169]<br/>OK: ASSERT( _run_parse&lt;char&gt;(6, argv5, rout, dout) ) [172]<br/>OK: ASSERT_EQ( &quot;TEST1,SUITE1::TEST2,TEST3&quot;, rout ) [173]<br/>OK: ASSERT_EQ( &quot;TEST4&quot;, dout ) [174]<br/>OK: ASSERT( _run_parse&lt;wchar_t&gt;(5, argv6, rout, dout) ) [179]<br/>OK: ASSERT_EQ( &quot;TEST1,SUITE1::TEST2,TEST3&quot;, rout ) [180]<br/>OK: ASSERT_EQ( &quot;TEST4&quot;, dout ) [181]<br/>OK: ASSERT_NOT( _run_parse&lt;char&gt;(3, argv7, rout, dout) ) [185]<br/>OK: ASSERT_EQ( &quot;&quot;, rout ) [186]<br/>Completed in 0 sec, 0 ms, asserts 20, failures 0<br/>PASS (OK)</li>
  </ul>
  <p id="anchor_runner_suite::cmdline"></p>
  <h3>runner_suite::cmdline</h3>
  <ul>
    <li>TEST STARTED: 2016-03-15 09:04:34<br/>LOCATION: /media/sf_E_DRIVE/tdog/src/selftest/runner_suite.hpp [189]<br/>TEST TYPE: TEST<br/>OK: ASSERT( tr.register_test( TDOG_GET_TCPTR(internal_suite::pass_assert1) ) ) [194]<br/>OK: ASSERT( tr.register_test( TDOG_GET_TCPTR(internal_suite::pass_assert2) ) ) [195]<br/>OK: ASSERT( tr.register_test( TDOG_GET_TCPTR(internal_suite::fail_assert) ) ) [196]<br/>OK: ASSERT( tr.register_test( TDOG_GET_TCPTR(internal_suite::nested_suite::pass1) ) ) [197]<br/>OK: ASSERT( tr.register_test( TDOG_GET_TCPTR(internal_suite::nested_suite::pass2) ) ) [198]<br/>OK: ASSERT_EQ( 0, tr.run_cmdline(4, const_cast&lt;char**&gt;(argv)) ) [206]<br/>OK: ASSERT_EQ( 5, tr.statistic_count(tdog::CNT_TOTAL, &quot;*&quot;) ) [209]<br/>OK: ASSERT_EQ( 4, tr.statistic_count(tdog::CNT_RAN, &quot;*&quot;) ) [210]<br/>OK: ASSERT_EQ( 0, tr.statistic_count(tdog::CNT_FAILED, &quot;*&quot;) ) [211]<br/>OK: ASSERT_EQ( 0, tr.statistic_count(tdog::CNT_SKIPPED, &quot;*&quot;) ) [212]<br/>OK: ASSERT_EQ( 1, tr.statistic_count(tdog::CNT_DISABLED, &quot;*&quot;) ) [213]<br/>OK: ASSERT_EQ( 0, tr.statistic_count(tdog::CNT_ERRORS, &quot;*&quot;) ) [214]<br/>Completed in 0 sec, 3 ms, asserts 12, failures 0<br/>PASS (OK)</li>
  </ul>
  <p id="anchor_runner_suite::singleton_method"></p>
  <h3>runner_suite::singleton_method</h3>
  <ul>
    <li>TEST STARTED: 2016-03-15 09:04:34<br/>LOCATION: /media/sf_E_DRIVE/tdog/src/selftest/runner_suite.hpp [217]<br/>TEST TYPE: TEST<br/>OK: The runner project name must not be empty [223]<br/>OK: ASSERT_EQ( name, tdog_test::global_project_name() ) [227]<br/>Project name: TDOG C++ xUnit Testing Framework [228]<br/>Completed in 0 sec, 0 ms, asserts 2, failures 0<br/>PASS (OK)</li>
  </ul>
  <p id="anchor_runner_suite::immutable_test"></p>
  <h3>runner_suite::immutable_test</h3>
  <ul>
    <li>TEST STARTED: 2016-03-15 09:04:34<br/>LOCATION: /media/sf_E_DRIVE/tdog/src/selftest/runner_suite.hpp [232]<br/>TEST TYPE: TEST<br/>OK: ASSERT THROWS ( TDOG_SET_PROJECT_NAME(&quot;New name&quot;) )std::logic_error [236]<br/>OK: ASSERT_NEQ( &quot;New name&quot;, tdog::runner::global().project_name() ) [238]<br/>Completed in 0 sec, 0 ms, asserts 2, failures 0<br/>PASS (OK)</li>
  </ul>
  <p id="anchor_runner_suite::full_sorted"></p>
  <h3>runner_suite::full_sorted</h3>
  <ul>
    <li>TEST STARTED: 2016-03-15 09:04:34<br/>LOCATION: /media/sf_E_DRIVE/tdog/src/selftest/runner_suite.hpp [449]<br/>TEST TYPE: REPEATED<br/>REPEAT TYPE: sort_type<br/>USER TYPE: fullsort_inj<br/>OK: ASSERT_EQ( 0, suite_open.counter() ) [293]<br/>OK: ASSERT_EQ( 0, suite_close.counter() ) [294]<br/>OK: ASSERT_EQ( 0, suiteA_open.counter() ) [295]<br/>OK: ASSERT_EQ( 0, suiteA_close.counter() ) [296]<br/>OK: ASSERT_EQ( 0, suiteAB_open.counter() ) [297]<br/>OK: ASSERT_EQ( 0, suiteAB_close.counter() ) [298]<br/>OK: ASSERT_EQ( 0, suiteC_open.counter() ) [299]<br/>OK: ASSERT_EQ( 0, suiteC_close.counter() ) [300]<br/>FULL SORT: true [336]<br/>OK: ASSERT_EQ( USER_TYPE::fullsort, tr.sorted() ) [338]<br/>Suite names... [344]<br/>suiteA [347]<br/>suiteA::suiteB [347]<br/>suiteC [347]<br/>OK: ASSERT_EQ( 4, (int)names.size() ) [351]<br/>OK: ASSERT_EQ( &quot;&quot;, names[0] ) [352]<br/>OK: ASSERT_EQ( &quot;suiteA&quot;, names[1] ) [353]<br/>OK: ASSERT_EQ( &quot;suiteA::suiteB&quot;, names[2] ) [354]<br/>OK: ASSERT_EQ( &quot;suiteC&quot;, names[3] ) [355]<br/>Test names... [360]<br/>setup01 [363]<br/>SETUP02 [363]<br/>tc1 [363]<br/>TC2 [363]<br/>TC2_ [363]<br/>suiteA::_setup01 [363]<br/>suiteA::SetUp02 [363]<br/>suiteA::tc1 [363]<br/>suiteA::TC2 [363]<br/>suiteA::TC2_ [363]<br/>suiteA::suiteB::_setup01 [363]<br/>suiteA::suiteB::SetUp02 [363]<br/>suiteA::suiteB::tc1 [363]<br/>suiteA::suiteB::TC2 [363]<br/>suiteA::suiteB::TC2_ [363]<br/>suiteA::suiteB::_teardown01 [363]<br/>suiteA::suiteB::TEARDOWN02 [363]<br/>suiteA::_teardown01 [363]<br/>suiteA::TEARDOWN02 [363]<br/>suiteC::_setup01 [363]<br/>suiteC::SetUp02 [363]<br/>suiteC::tc1 [363]<br/>suiteC::TC2 [363]<br/>suiteC::TC2_ [363]<br/>suiteC::_teardown01 [363]<br/>suiteC::TEARDOWN02 [363]<br/>_teardown01 [363]<br/>TEARDOWN02 [363]<br/>OK: ASSERT_EQ( 28, (int)names.size() ) [367]<br/>OK: ASSERT_EQ( &quot;setup01&quot;, names[0] ) [372]<br/>OK: ASSERT_EQ( &quot;SETUP02&quot;, names[1] ) [373]<br/>OK: ASSERT_EQ( &quot;tc1&quot;, names[2] ) [374]<br/>OK: ASSERT_EQ( &quot;TC2&quot;, names[3] ) [375]<br/>OK: ASSERT_EQ( &quot;TC2_&quot;, names[4] ) [376]<br/>OK: ASSERT_EQ( &quot;suiteA::_setup01&quot;, names[5] ) [378]<br/>OK: ASSERT_EQ( &quot;suiteA::SetUp02&quot;, names[6] ) [379]<br/>OK: ASSERT_EQ( &quot;suiteA::tc1&quot;, names[7] ) [380]<br/>OK: ASSERT_EQ( &quot;suiteA::TC2&quot;, names[8] ) [381]<br/>OK: ASSERT_EQ( &quot;suiteA::TC2_&quot;, names[9] ) [382]<br/>OK: ASSERT_EQ( &quot;suiteA::suiteB::_setup01&quot;, names[10] ) [384]<br/>OK: ASSERT_EQ( &quot;suiteA::suiteB::SetUp02&quot;, names[11] ) [385]<br/>OK: ASSERT_EQ( &quot;suiteA::suiteB::tc1&quot;, names[12] ) [386]<br/>OK: ASSERT_EQ( &quot;suiteA::suiteB::TC2&quot;, names[13] ) [387]<br/>OK: ASSERT_EQ( &quot;suiteA::suiteB::TC2_&quot;, names[14] ) [388]<br/>OK: ASSERT_EQ( &quot;suiteA::suiteB::_teardown01&quot;, names[15] ) [389]<br/>OK: ASSERT_EQ( &quot;suiteA::suiteB::TEARDOWN02&quot;, names[16] ) [390]<br/>OK: ASSERT_EQ( &quot;suiteA::_teardown01&quot;, names[17] ) [392]<br/>OK: ASSERT_EQ( &quot;suiteA::TEARDOWN02&quot;, names[18] ) [393]<br/>OK: ASSERT_EQ( &quot;suiteC::_setup01&quot;, names[19] ) [395]<br/>OK: ASSERT_EQ( &quot;suiteC::SetUp02&quot;, names[20] ) [396]<br/>OK: ASSERT_EQ( &quot;suiteC::tc1&quot;, names[21] ) [397]<br/>OK: ASSERT_EQ( &quot;suiteC::TC2&quot;, names[22] ) [398]<br/>OK: ASSERT_EQ( &quot;suiteC::TC2_&quot;, names[23] ) [399]<br/>OK: ASSERT_EQ( &quot;suiteC::_teardown01&quot;, names[24] ) [400]<br/>OK: ASSERT_EQ( &quot;suiteC::TEARDOWN02&quot;, names[25] ) [401]<br/>OK: ASSERT_EQ( &quot;_teardown01&quot;, names[26] ) [404]<br/>OK: ASSERT_EQ( &quot;TEARDOWN02&quot;, names[27] ) [405]<br/>Completed in 0 sec, 1 ms, asserts 43, failures 0<br/>PASS (OK)</li>
  </ul>
  <p id="anchor_runner_suite::part_sorted"></p>
  <h3>runner_suite::part_sorted</h3>
  <ul>
    <li>TEST STARTED: 2016-03-15 09:04:34<br/>LOCATION: /media/sf_E_DRIVE/tdog/src/selftest/runner_suite.hpp [450]<br/>TEST TYPE: REPEATED<br/>REPEAT TYPE: sort_type<br/>USER TYPE: partsort_inj<br/>OK: ASSERT_EQ( 0, suite_open.counter() ) [293]<br/>OK: ASSERT_EQ( 0, suite_close.counter() ) [294]<br/>OK: ASSERT_EQ( 0, suiteA_open.counter() ) [295]<br/>OK: ASSERT_EQ( 0, suiteA_close.counter() ) [296]<br/>OK: ASSERT_EQ( 0, suiteAB_open.counter() ) [297]<br/>OK: ASSERT_EQ( 0, suiteAB_close.counter() ) [298]<br/>OK: ASSERT_EQ( 0, suiteC_open.counter() ) [299]<br/>OK: ASSERT_EQ( 0, suiteC_close.counter() ) [300]<br/>FULL SORT: false [336]<br/>OK: ASSERT_EQ( USER_TYPE::fullsort, tr.sorted() ) [338]<br/>Suite names... [344]<br/>suiteA [347]<br/>suiteA::suiteB [347]<br/>suiteC [347]<br/>OK: ASSERT_EQ( 4, (int)names.size() ) [351]<br/>OK: ASSERT_EQ( &quot;&quot;, names[0] ) [352]<br/>OK: ASSERT_EQ( &quot;suiteA&quot;, names[1] ) [353]<br/>OK: ASSERT_EQ( &quot;suiteA::suiteB&quot;, names[2] ) [354]<br/>OK: ASSERT_EQ( &quot;suiteC&quot;, names[3] ) [355]<br/>Test names... [360]<br/>setup01 [363]<br/>SETUP02 [363]<br/>TC2_ [363]<br/>TC2 [363]<br/>tc1 [363]<br/>suiteA::_setup01 [363]<br/>suiteA::SetUp02 [363]<br/>suiteA::TC2_ [363]<br/>suiteA::TC2 [363]<br/>suiteA::tc1 [363]<br/>suiteA::suiteB::_setup01 [363]<br/>suiteA::suiteB::SetUp02 [363]<br/>suiteA::suiteB::TC2_ [363]<br/>suiteA::suiteB::TC2 [363]<br/>suiteA::suiteB::tc1 [363]<br/>suiteA::suiteB::_teardown01 [363]<br/>suiteA::suiteB::TEARDOWN02 [363]<br/>suiteA::_teardown01 [363]<br/>suiteA::TEARDOWN02 [363]<br/>suiteC::_setup01 [363]<br/>suiteC::SetUp02 [363]<br/>suiteC::TC2_ [363]<br/>suiteC::TC2 [363]<br/>suiteC::tc1 [363]<br/>suiteC::_teardown01 [363]<br/>suiteC::TEARDOWN02 [363]<br/>_teardown01 [363]<br/>TEARDOWN02 [363]<br/>OK: ASSERT_EQ( 28, (int)names.size() ) [367]<br/>OK: ASSERT_EQ( &quot;setup01&quot;, names[0] ) [412]<br/>OK: ASSERT_EQ( &quot;SETUP02&quot;, names[1] ) [413]<br/>OK: ASSERT_EQ( &quot;TC2_&quot;, names[2] ) [414]<br/>OK: ASSERT_EQ( &quot;TC2&quot;, names[3] ) [415]<br/>OK: ASSERT_EQ( &quot;tc1&quot;, names[4] ) [416]<br/>OK: ASSERT_EQ( &quot;suiteA::_setup01&quot;, names[5] ) [418]<br/>OK: ASSERT_EQ( &quot;suiteA::SetUp02&quot;, names[6] ) [419]<br/>OK: ASSERT_EQ( &quot;suiteA::TC2_&quot;, names[7] ) [420]<br/>OK: ASSERT_EQ( &quot;suiteA::TC2&quot;, names[8] ) [421]<br/>OK: ASSERT_EQ( &quot;suiteA::tc1&quot;, names[9] ) [422]<br/>OK: ASSERT_EQ( &quot;suiteA::suiteB::_setup01&quot;, names[10] ) [424]<br/>OK: ASSERT_EQ( &quot;suiteA::suiteB::SetUp02&quot;, names[11] ) [425]<br/>OK: ASSERT_EQ( &quot;suiteA::suiteB::TC2_&quot;, names[12] ) [426]<br/>OK: ASSERT_EQ( &quot;suiteA::suiteB::TC2&quot;, names[13] ) [427]<br/>OK: ASSERT_EQ( &quot;suiteA::suiteB::tc1&quot;, names[14] ) [428]<br/>OK: ASSERT_EQ( &quot;suiteA::suiteB::_teardown01&quot;, names[15] ) [429]<br/>OK: ASSERT_EQ( &quot;suiteA::suiteB::TEARDOWN02&quot;, names[16] ) [430]<br/>OK: ASSERT_EQ( &quot;suiteA::_teardown01&quot;, names[17] ) [432]<br/>OK: ASSERT_EQ( &quot;suiteA::TEARDOWN02&quot;, names[18] ) [433]<br/>OK: ASSERT_EQ( &quot;suiteC::_setup01&quot;, names[19] ) [435]<br/>OK: ASSERT_EQ( &quot;suiteC::SetUp02&quot;, names[20] ) [436]<br/>OK: ASSERT_EQ( &quot;suiteC::TC2_&quot;, names[21] ) [437]<br/>OK: ASSERT_EQ( &quot;suiteC::TC2&quot;, names[22] ) [438]<br/>OK: ASSERT_EQ( &quot;suiteC::tc1&quot;, names[23] ) [439]<br/>OK: ASSERT_EQ( &quot;suiteC::_teardown01&quot;, names[24] ) [440]<br/>OK: ASSERT_EQ( &quot;suiteC::TEARDOWN02&quot;, names[25] ) [441]<br/>OK: ASSERT_EQ( &quot;_teardown01&quot;, names[26] ) [444]<br/>OK: ASSERT_EQ( &quot;TEARDOWN02&quot;, names[27] ) [445]<br/>Completed in 0 sec, 0 ms, asserts 43, failures 0<br/>PASS (OK)</li>
  </ul>
  <p id="anchor_size_suite::test_sizes"></p>
  <h3>size_suite::test_sizes</h3>
  <ul>
    <li>TEST STARTED: 2016-03-15 09:04:34<br/>LOCATION: /media/sf_E_DRIVE/tdog/src/selftest/size_suite.hpp [32]<br/>AUTHOR: Andy Thomas<br/>TEST TYPE: TEST<br/>OK: ASSERT_EQ( 1, static_cast&lt;int&gt;(sizeof(tdog::i8_t)) ) [36]<br/>OK: ASSERT_EQ( 1, static_cast&lt;int&gt;(sizeof(tdog::u8_t)) ) [37]<br/>OK: ASSERT_EQ( 2, static_cast&lt;int&gt;(sizeof(tdog::i16_t)) ) [38]<br/>OK: ASSERT_EQ( 2, static_cast&lt;int&gt;(sizeof(tdog::u16_t)) ) [39]<br/>OK: ASSERT_EQ( 4, static_cast&lt;int&gt;(sizeof(tdog::i32_t)) ) [40]<br/>OK: ASSERT_EQ( 4, static_cast&lt;int&gt;(sizeof(tdog::u32_t)) ) [41]<br/>OK: ASSERT_EQ( 8, static_cast&lt;int&gt;(sizeof(tdog::i64_t)) ) [42]<br/>OK: ASSERT_EQ( 8, static_cast&lt;int&gt;(sizeof(tdog::u64_t)) ) [43]<br/>OK: ASSERT_GTE( 8, static_cast&lt;int&gt;(sizeof(tdog::xint_t)) ) [44]<br/>Completed in 0 sec, 0 ms, asserts 9, failures 0<br/>PASS (OK)</li>
  </ul>
  <p id="anchor_status_suite::status_test"></p>
  <h3>status_suite::status_test</h3>
  <ul>
    <li>TEST STARTED: 2016-03-15 09:04:34<br/>LOCATION: /media/sf_E_DRIVE/tdog/src/selftest/status_suite.hpp [116]<br/>AUTHOR: Andy Thomas<br/>TEST TYPE: TEST<br/>OK: ASSERT( tr.register_test( TDOG_GET_TCPTR(internal_suite::pass_default) ) ) [124]<br/>OK: ASSERT( tr.register_test( TDOG_GET_TCPTR(internal_suite::pass_assert) ) ) [125]<br/>OK: ASSERT( tr.register_test( TDOG_GET_TCPTR(internal_suite::fail_assert) ) ) [126]<br/>OK: ASSERT( tr.register_test( TDOG_GET_TCPTR(internal_suite::fail_macro) ) ) [127]<br/>OK: ASSERT( tr.register_test( TDOG_GET_TCPTR(internal_suite::error_throw) ) ) [128]<br/>OK: ASSERT( tr.register_test( TDOG_GET_TCPTR(internal_suite::error_macro) ) ) [129]<br/>OK: ASSERT( tr.register_test( TDOG_GET_TCPTR(internal_suite::wait1) ) ) [130]<br/>OK: ASSERT( tr.register_test( TDOG_GET_TCPTR(internal_suite::wait2) ) ) [131]<br/>OK: ASSERT( tr.register_test( TDOG_GET_TCPTR(internal_suite::disabled_test) ) ) [132]<br/>OK: ASSERT( tr.register_test( TDOG_GET_TCPTR(internal_suite::skip_test) ) ) [133]<br/>OK: ASSERT( tr.register_test( TDOG_GET_TCPTR(internal_suite::nested_suite::pass1) ) ) [134]<br/>OK: ASSERT( tr.register_test( TDOG_GET_TCPTR(internal_suite::nested_suite::pass2) ) ) [135]<br/>OK: ASSERT_EQ( 1, tr.set_enabled(&quot;status_suite::internal_suite::disabled_test&quot;, false) ) [138]<br/>OK: ASSERT_EQ( tdog::TS_NOT_EXIST, tr.test_status(&quot;status_suite::internal_suite&quot;) ) [141]<br/>OK: ASSERT_EQ( tdog::TS_NOT_EXIST, tr.test_status(&quot;status_suite::internal_suite::&quot;) ) [142]<br/>OK: ASSERT_EQ( tdog::TS_NOT_EXIST, tr.test_status(&quot;status_suite::internal_suite::*&quot;) ) [143]<br/>OK: ASSERT_EQ( tdog::TS_NOT_EXIST, tr.test_status(&quot;status_suite::internal_suite::wrong_name&quot;) ) [144]<br/>OK: ASSERT_EQ( tdog::TS_READY, tr.test_status(&quot;status_suite::internal_suite::pass_default&quot;) ) [146]<br/>OK: ASSERT_EQ( tdog::TS_DISABLED, tr.test_status(&quot;status_suite::internal_suite::disabled_test&quot;) ) [148]<br/>OK: ASSERT_EQ( 12, total ) [152]<br/>OK: ASSERT_EQ( total, tr.statistic_count(tdog::CNT_TOTAL, &quot;::*&quot;) ) [153]<br/>OK: ASSERT_EQ( 2, tr.statistic_count(tdog::CNT_TOTAL, &quot;status_suite::internal_suite::nested_suite::&quot;) ) [154]<br/>OK: ASSERT_EQ( 0, tr.statistic_count(tdog::CNT_SKIPPED, &quot;*&quot;) ) [155]<br/>OK: ASSERT_EQ( 0, tr.statistic_count(tdog::CNT_SKIPPED, &quot;status_suite::internal_suite::&quot;) ) [156]<br/>OK: ASSERT_EQ( 1, tr.statistic_count(tdog::CNT_DISABLED, &quot;*&quot;) ) [157]<br/>OK: ASSERT_EQ( 1, tr.statistic_count(tdog::CNT_DISABLED, &quot;status_suite::internal_suite::&quot;) ) [158]<br/>OK: ASSERT_EQ( 0, tr.statistic_count(tdog::CNT_TOTAL, &quot;::&quot;) ) [161]<br/>OK: ASSERT_EQ( 4, run_rslt ) [166]<br/>OK: ASSERT_EQ( total, tr.statistic_count(tdog::CNT_TOTAL, &quot;*&quot;) ) [169]<br/>OK: ASSERT_EQ( 1, not_run ) [173]<br/>OK: ASSERT_EQ( 2, not_run ) [176]<br/>OK: ASSERT_EQ( (total - not_run), ran ) [179]<br/>OK: ASSERT_EQ( 2, tr.statistic_count(tdog::CNT_FAILED, &quot;*&quot;) ) [181]<br/>OK: ASSERT_EQ( 2, tr.statistic_count(tdog::CNT_ERRORS, &quot;*&quot;) ) [182]<br/>OK: ASSERT_EQ( (ran - run_rslt), tr.statistic_count(tdog::CNT_PASSED, &quot;*&quot;) ) [183]<br/>OK: ASSERT_GT( tr.statistic_count(tdog::CNT_ASSERT_TOTAL, &quot;*&quot;), 0 ) [186]<br/>OK: ASSERT_GT( tr.statistic_count(tdog::CNT_ASSERT_FAILED, &quot;*&quot;), 0 ) [187]<br/>OK: ASSERT_GTE( tr.statistic_count(tdog::CNT_DURATION, &quot;*&quot;), 1500 ) [191]<br/>OK: ASSERT_LT( tr.statistic_count(tdog::CNT_DURATION, &quot;*&quot;), 3000 ) [192]<br/>OK: ASSERT_GTE( tr.statistic_count(tdog::CNT_DURATION, &quot;status_suite::internal_suite::wait1&quot;), 500 ) [193]<br/>OK: ASSERT_LT( tr.statistic_count(tdog::CNT_DURATION, &quot;status_suite::internal_suite::wait1&quot;), 1000 ) [194]<br/>OK: ASSERT_GTE( tr.statistic_count(tdog::CNT_DURATION, &quot;status_suite::internal_suite::wait2&quot;), 1000 ) [195]<br/>OK: ASSERT_LT( tr.statistic_count(tdog::CNT_DURATION, &quot;status_suite::internal_suite::wait2&quot;), 1500 ) [196]<br/>Completed in 1 sec, 511 ms, asserts 43, failures 0<br/>PASS (OK)</li>
  </ul>
  <p id="anchor_timing_suite::local_timeout"></p>
  <h3>timing_suite::local_timeout</h3>
  <ul>
    <li>TEST STARTED: 2016-03-15 09:04:35<br/>LOCATION: /media/sf_E_DRIVE/tdog/src/selftest/timing_suite.hpp [117]<br/>AUTHOR: Andy Thomas<br/>TEST TYPE: TEST<br/>OK: ASSERT( tr.register_test( TDOG_GET_TCPTR(internal_suite::local_timeout) ) ) [127]<br/>OK: ASSERT_EQ( 1, tr.run() ) [129]<br/>Completed in 2 sec, 312 ms, asserts 2, failures 0<br/>PASS (OK)</li>
  </ul>
  <p id="anchor_timing_suite::short_sleep"></p>
  <h3>timing_suite::short_sleep</h3>
  <ul>
    <li>TEST STARTED: 2016-03-15 09:04:38<br/>LOCATION: /media/sf_E_DRIVE/tdog/src/selftest/timing_suite.hpp [132]<br/>AUTHOR: Andy Thomas<br/>TEST TYPE: TEST<br/>OK: ASSERT( tr.register_test( TDOG_GET_TCPTR(internal_suite::short_sleep) ) ) [141]<br/>OK: ASSERT_EQ( 1, tr.run() ) [143]<br/>Completed in 1 sec, 507 ms, asserts 2, failures 0<br/>PASS (OK)</li>
  </ul>
  <p id="anchor_timing_suite::long_sleep"></p>
  <h3>timing_suite::long_sleep</h3>
  <ul>
    <li>TEST STARTED: 2016-03-15 09:04:39<br/>LOCATION: /media/sf_E_DRIVE/tdog/src/selftest/timing_suite.hpp [146]<br/>AUTHOR: Andy Thomas<br/>TEST TYPE: TEST<br/>OK: ASSERT( tr.register_test( TDOG_GET_TCPTR(internal_suite::long_sleep) ) ) [155]<br/>OK: ASSERT_EQ( 1, tr.run() ) [157]<br/>Completed in 2 sec, 507 ms, asserts 2, failures 0<br/>PASS (OK)</li>
  </ul>
  <p id="anchor_timing_suite::global_timeout"></p>
  <h3>timing_suite::global_timeout</h3>
  <ul>
    <li>TEST STARTED: 2016-03-15 09:04:42<br/>LOCATION: /media/sf_E_DRIVE/tdog/src/selftest/timing_suite.hpp [160]<br/>AUTHOR: Andy Thomas<br/>TEST TYPE: TEST<br/>OK: ASSERT( tr.register_test( TDOG_GET_TCPTR(internal_suite::global_timeout) ) ) [169]<br/>OK: ASSERT_EQ( 1, tr.run() ) [173]<br/>Completed in 1 sec, 508 ms, asserts 2, failures 0<br/>PASS (OK)</li>
  </ul>
  <p id="anchor_timing_suite::global_exempt"></p>
  <h3>timing_suite::global_exempt</h3>
  <ul>
    <li>TEST STARTED: 2016-03-15 09:04:43<br/>LOCATION: /media/sf_E_DRIVE/tdog/src/selftest/timing_suite.hpp [177]<br/>AUTHOR: Andy Thomas<br/>TEST TYPE: TEST<br/>OK: ASSERT( tr.register_test( TDOG_GET_TCPTR(internal_suite::global_exempt) ) ) [186]<br/>OK: ASSERT_EQ( 0, tr.run() ) [190]<br/>Completed in 1 sec, 511 ms, asserts 2, failures 0<br/>PASS (OK)</li>
  </ul>
  <p id="anchor_timing_suite::time_warning"></p>
  <h3>timing_suite::time_warning</h3>
  <ul>
    <li>TEST STARTED: 2016-03-15 09:04:45<br/>LOCATION: /media/sf_E_DRIVE/tdog/src/selftest/timing_suite.hpp [193]<br/>AUTHOR: Andy Thomas<br/>TEST TYPE: TEST<br/>OK: ASSERT( tr.register_test( TDOG_GET_TCPTR(internal_suite::global_exempt) ) ) [202]<br/>OK: ASSERT_EQ( 0, tr.run() ) [207]<br/>OK: ASSERT_NEQ( NPOS, s.find(&quot;time warning threshold of 1000 ms exceeded&quot;) ) [214]<br/>Completed in 1 sec, 513 ms, asserts 3, failures 0<br/>PASS (OK)</li>
  </ul>
  <p id="anchor_timing_suite::check_limit"></p>
  <h3>timing_suite::check_limit</h3>
  <ul>
    <li>TEST STARTED: 2016-03-15 09:04:46<br/>LOCATION: /media/sf_E_DRIVE/tdog/src/selftest/timing_suite.hpp [217]<br/>AUTHOR: Andy Thomas<br/>TEST TYPE: TEST<br/>OK: ASSERT( tr.register_test( TDOG_GET_TCPTR(internal_suite::check_limit) ) ) [226]<br/>OK: ASSERT_EQ( 1, tr.run() ) [230]<br/>OK: ASSERT_NEQ( NPOS, s.find(&quot;Exceed limit detected&quot;) ) [237]<br/>Completed in 1 sec, 17 ms, asserts 3, failures 0<br/>PASS (OK)</li>
  </ul>
  <p id="anchor_teardown_global_01"></p>
  <h3>teardown_global_01</h3>
  <ul>
    <li>TEST STARTED: 2016-03-15 09:04:47<br/>LOCATION: /media/sf_E_DRIVE/tdog/src/selftest/main.cpp [74]<br/>TEST TYPE: TEST<br/>OK: ASSERT( g_setup_called ) [77]<br/>OK: ASSERT( g_test_called ) [78]<br/>Completed in 0 sec, 0 ms, asserts 2, failures 0<br/>PASS (OK)</li>
  </ul>
  <p id="anchor_teardown_global_02"></p>
  <h3>teardown_global_02</h3>
  <ul>
    <li>TEST STARTED: 2016-03-15 09:04:47<br/>LOCATION: /media/sf_E_DRIVE/tdog/src/selftest/main.cpp [82]<br/>TEST TYPE: TEST<br/>OK: ASSERT( g_teardown_called ) [85]<br/>OK: ASSERT( g_test_called ) [86]<br/>Completed in 0 sec, 0 ms, asserts 2, failures 0<br/>PASS (OK)</li>
  </ul>
  <p id="anchor_skipped_tests"></p>
  <h2>Skipped or Disabled Tests</h2>
  <p>NONE</p>
  <p style="font-size:smaller">For information on TDOG C++ xUnit Testing Framework, see: <a href="http://bigangrydog.com/">bigangrydog.com</a></p>
</body>
</html>
