<!DOCTYPE html PUBLIC "-//W3C//DTD XHTML 1.1//EN" "http://www.w3.org/TR/xhtml11/DTD/xhtml11.dtd">
<html xmlns="http://www.w3.org/1999/xhtml">
  <head>
    <meta http-equiv="Content-Type" content="text/html; charset=utf-8" />
    <title>Test Report | TDOG C++ Unit Testing Framework</title>
    <style type="text/css">
      th {background-color:silver; font-weight:bold; border-style:solid; border-width:thin}
      td {border-style:solid; border-width:thin}
      .pass-cell-col {background-color:lightgreen}
      .fail-cell-col {background-color:red}
    </style>
  </head>
  <body>
    <h1>Test Report</h1>
    <p>
      <strong>PROJECT: </strong>TDOG C++ Unit Testing Framework<br/>
      <strong>Version: </strong>2.0.1<br/>
      <strong>Registered Tests: </strong>17<br/>
      <strong>Run Scope: </strong>All Tests<br/>
      <strong>Start Time: </strong>2014-10-22 01:24:25<br/>
    </p>
    <h2>Report Contents</h2>
    <ul>
      <li><a href="#anchor_main"><strong>Test Run Results</strong></a></li>
      <li><a href="#anchor_suite_main_suite">main_suite</a></li>
    </ul>
    <ul>
      <li><a href="#anchor_test_stats"><strong>Statistical Results</strong></a></li>
      <li><a href="#anchor_fail_details">Test Failure Information</a></li>
      <li><a href="#anchor_error_details">Test Error Information</a></li>
      <li><a href="#anchor_pass_details">Test Pass Information</a></li>
      <li><a href="#anchor_disabled_tests">Disabled Tests</a></li>
    </ul>
    <p id="anchor_main"></p>
    <h2>Test Run Results</h2>
    <p id="anchor_suite_main_suite"></p>
    <h3>TEST SUITE: main_suite</h3>
    <table style="width:75%; max-width:100em">
      <tr>
        <th>Test Name</th>
        <th style="width:15%">Author</th>
        <th style="width:20%">Start Time</th>
        <th style="width:15%">Duration</th>
        <th style="width:15%">Result</th>
      </tr>
      <tr>
        <td><a href="#anchor_main_suite::instantiation">main_suite::instantiation</a></td>
        <td></td>
        <td>2014-10-22 01:24:25</td>
        <td>0 sec</td>
        <td class="pass-cell-col">PASSED</td>
      </tr>
      <tr>
        <td><a href="#anchor_main_suite::fixture">main_suite::fixture</a></td>
        <td></td>
        <td>2014-10-22 01:24:25</td>
        <td>0 sec</td>
        <td class="pass-cell-col">PASSED</td>
      </tr>
      <tr>
        <td><a href="#anchor_main_suite::assert_positive">main_suite::assert_positive</a></td>
        <td></td>
        <td>2014-10-22 01:24:25</td>
        <td>0 sec</td>
        <td class="pass-cell-col">PASSED</td>
      </tr>
      <tr>
        <td><a href="#anchor_main_suite::assert_negative">main_suite::assert_negative</a></td>
        <td></td>
        <td>2014-10-22 01:24:25</td>
        <td>0 sec</td>
        <td class="pass-cell-col">PASSED</td>
      </tr>
      <tr>
        <td><a href="#anchor_main_suite::local_limit_pass">main_suite::local_limit_pass</a></td>
        <td></td>
        <td>2014-10-22 01:24:25</td>
        <td>1 sec</td>
        <td class="pass-cell-col">PASSED</td>
      </tr>
      <tr>
        <td><a href="#anchor_main_suite::local_limit_fail">main_suite::local_limit_fail</a></td>
        <td></td>
        <td>2014-10-22 01:24:26</td>
        <td>2 sec</td>
        <td class="pass-cell-col">PASSED</td>
      </tr>
      <tr>
        <td><a href="#anchor_main_suite::global_limit_pass">main_suite::global_limit_pass</a></td>
        <td></td>
        <td>2014-10-22 01:24:28</td>
        <td>1 sec</td>
        <td class="pass-cell-col">PASSED</td>
      </tr>
      <tr>
        <td><a href="#anchor_main_suite::global_limit_fail">main_suite::global_limit_fail</a></td>
        <td></td>
        <td>2014-10-22 01:24:29</td>
        <td>2 sec</td>
        <td class="pass-cell-col">PASSED</td>
      </tr>
      <tr>
        <td><a href="#anchor_main_suite::global_limit_override">main_suite::global_limit_override</a></td>
        <td></td>
        <td>2014-10-22 01:24:31</td>
        <td>2 sec</td>
        <td class="pass-cell-col">PASSED</td>
      </tr>
      <tr>
        <td><a href="#anchor_main_suite::result_states">main_suite::result_states</a></td>
        <td></td>
        <td>2014-10-22 01:24:33</td>
        <td>0 sec</td>
        <td class="pass-cell-col">PASSED</td>
      </tr>
      <tr>
        <td><a href="#anchor_main_suite::disabled_tests">main_suite::disabled_tests</a></td>
        <td></td>
        <td>2014-10-22 01:24:33</td>
        <td>0 sec</td>
        <td class="pass-cell-col">PASSED</td>
      </tr>
      <tr>
        <td><a href="#anchor_main_suite::text_report_generation">main_suite::text_report_generation</a></td>
        <td></td>
        <td>2014-10-22 01:24:33</td>
        <td>0 sec</td>
        <td class="pass-cell-col">PASSED</td>
      </tr>
      <tr>
        <td><a href="#anchor_main_suite::html_report_generation">main_suite::html_report_generation</a></td>
        <td></td>
        <td>2014-10-22 01:24:33</td>
        <td>0 sec</td>
        <td class="pass-cell-col">PASSED</td>
      </tr>
      <tr>
        <td><a href="#anchor_main_suite::assert_throw_ok">main_suite::assert_throw_ok</a></td>
        <td></td>
        <td>2014-10-22 01:24:33</td>
        <td>0 sec</td>
        <td class="pass-cell-col">PASSED</td>
      </tr>
      <tr>
        <td><a href="#anchor_main_suite::assert_no_throw_ok">main_suite::assert_no_throw_ok</a></td>
        <td></td>
        <td>2014-10-22 01:24:33</td>
        <td>0 sec</td>
        <td class="pass-cell-col">PASSED</td>
      </tr>
      <tr>
        <td><a href="#anchor_main_suite::assert_throw_fail">main_suite::assert_throw_fail</a></td>
        <td></td>
        <td>2014-10-22 01:24:33</td>
        <td>0 sec</td>
        <td class="pass-cell-col">PASSED</td>
      </tr>
      <tr>
        <td><a href="#anchor_main_suite::assert_no_throw_fail">main_suite::assert_no_throw_fail</a></td>
        <td></td>
        <td>2014-10-22 01:24:33</td>
        <td>0 sec</td>
        <td class="pass-cell-col">PASSED</td>
      </tr>
    </table>
    <p id="anchor_test_stats"></p>
    <h2>Statistical Results</h2>
    <table style="width:20em">
      <tr>
        <th>Statistic</th>
        <th>Value</th>
      </tr>
      <tr>
        <td><strong>Tests Ran</strong></td>
        <td>17</td>
      </tr>
      <tr>
        <td><strong>Skipped</strong></td>
        <td>0</td>
      </tr>
      <tr>
        <td><strong>Passed</strong></td>
        <td>17</td>
      </tr>
      <tr>
        <td><strong>Failed</strong></td>
        <td>0</td>
      </tr>
      <tr>
        <td><strong>Test Errors</strong></td>
        <td>0</td>
      </tr>
      <tr>
        <td><strong>Pass Rate</strong></td>
        <td class="pass-cell-col">100%</td>
      </tr>
    </table>
    <p>
      <strong>End Time: </strong>2014-10-22 01:24:33<br/>
      <strong>Run Duration: </strong>8 sec (approx.) <br/>
    </p>
    <p id="anchor_fail_details"></p>
    <h2>Test Failure Information</h2>
    <p>NONE</p>
    <p id="anchor_error_details"></p>
    <h2>Test Error Information</h2>
    <p>NONE</p>
    <p id="anchor_pass_details"></p>
    <h2>Test Pass Information</h2>
    <p id="anchor_main_suite::instantiation"></p>
    <h3>Test: main_suite::instantiation</h3>
    <ul>
      <li>TEST STARTED: 2014-10-22 01:24:25</li>
      <li>Filename: ..\..\src\main.cpp</li>
      <li>main_suite::instantiation [186]</li>
      <li>OK: STR_EQUAL( &quot;main_suite::instantiation&quot;,TDOG_TEST_NAME() ) [187]</li>
      <li>OK: ASSERT( TDOG_GRUN.suite_exists(&quot;main_suite&quot;) ) [190]</li>
      <li>OK: ASSERT( TDOG_GRUN.test_exists(&quot;main_suite::instantiation&quot;) ) [191]</li>
      <li>Completed: 0 sec</li>
      <li>TEST PASSED</li>
    </ul>
    <p id="anchor_main_suite::fixture"></p>
    <h3>Test: main_suite::fixture</h3>
    <ul>
      <li>TEST STARTED: 2014-10-22 01:24:25</li>
      <li>Filename: ..\..\src\main.cpp</li>
      <li>OK: EQUAL( 668,int_val ) [204]</li>
      <li>OK: STR_EQUAL( &quot;Hello World&quot;,str_val ) [205]</li>
      <li>Completed: 0 sec</li>
      <li>TEST PASSED</li>
    </ul>
    <p id="anchor_main_suite::assert_positive"></p>
    <h3>Test: main_suite::assert_positive</h3>
    <ul>
      <li>TEST STARTED: 2014-10-22 01:24:25</li>
      <li>Filename: ..\..\src\main.cpp</li>
      <li>OK: ASSERT( true ) [212]</li>
      <li>OK: TDOG_ASSERT_MSG [214]</li>
      <li>OK: EQUAL( 5,5 ) [215]</li>
      <li>OK: EQUAL( 4.7,4.7 ) [216]</li>
      <li>OK: EQUAL( std::string(&quot;hello&quot;),std::string(&quot;hello&quot;) ) [217]</li>
      <li>OK: TDOG_ASSERT_EQUAL_MSG [218]</li>
      <li>OK: STR_EQUAL( &quot;Hello World&quot;,&quot;Hello World&quot; ) [220]</li>
      <li>OK: TDOG_ASSERT_STR_EQUAL_MSG [222]</li>
      <li>OK: STRIC_EQUAL( &quot;Hello World&quot;,&quot;hEllo world&quot; ) [224]</li>
      <li>OK: TDOG_ASSERT_STRIC_EQUAL_MSG [226]</li>
      <li>OK: INT_EQUAL( 3,3 ) [228]</li>
      <li>OK: DOUBLE_EQUAL( 5.5,5.6 ) [230]</li>
      <li>OK: TDOG_ASSERT_DOUBLE_EQUAL_MSG [231]</li>
      <li>OK: ARRAY_EQUAL( a,b ) [235]</li>
      <li>OK: TDOG_ASSERT_ARRARY_EQUAL_MSG [236]</li>
      <li>OK: ASSERT( !TDOG_HAS_TEST_FAILED() ) [239]</li>
      <li>Completed: 0 sec</li>
      <li>TEST PASSED</li>
    </ul>
    <p id="anchor_main_suite::assert_negative"></p>
    <h3>Test: main_suite::assert_negative</h3>
    <ul>
      <li>TEST STARTED: 2014-10-22 01:24:25</li>
      <li>Filename: ..\..\src\main.cpp</li>
      <li>OK: EQUAL( 1,prun.run(tdog::RUN_TEST, &quot;internal_suite::assert_false&quot;) ) [265]</li>
      <li>OK: EQUAL( 1,prun.run(tdog::RUN_TEST, &quot;internal_suite::assert_not_equal&quot;) ) [267]</li>
      <li>OK: EQUAL( 1,prun.run(tdog::RUN_TEST, &quot;internal_suite::assert_str_not_equal&quot;) ) [269]</li>
      <li>OK: EQUAL( 1,prun.run(tdog::RUN_TEST, &quot;internal_suite::assert_stric_not_equal&quot;) ) [271]</li>
      <li>OK: EQUAL( 1,prun.run(tdog::RUN_TEST, &quot;internal_suite::assert_double_not_equal&quot;) ) [273]</li>
      <li>OK: EQUAL( 1,prun.run(tdog::RUN_TEST, &quot;internal_suite::assert_array_not_equal&quot;) ) [275]</li>
      <li>Completed: 0 sec</li>
      <li>TEST PASSED</li>
    </ul>
    <p id="anchor_main_suite::local_limit_pass"></p>
    <h3>Test: main_suite::local_limit_pass</h3>
    <ul>
      <li>TEST STARTED: 2014-10-22 01:24:25</li>
      <li>Completed: 1 sec</li>
      <li>TEST PASSED</li>
    </ul>
    <p id="anchor_main_suite::local_limit_fail"></p>
    <h3>Test: main_suite::local_limit_fail</h3>
    <ul>
      <li>TEST STARTED: 2014-10-22 01:24:26</li>
      <li>Filename: ..\..\src\main.cpp</li>
      <li>OK: EQUAL( 1,prun.run(tdog::RUN_TEST, &quot;internal_suite::local_limit_fail&quot;) ) [298]</li>
      <li>Completed: 2 sec</li>
      <li>TEST PASSED</li>
    </ul>
    <p id="anchor_main_suite::global_limit_pass"></p>
    <h3>Test: main_suite::global_limit_pass</h3>
    <ul>
      <li>TEST STARTED: 2014-10-22 01:24:28</li>
      <li>Filename: ..\..\src\main.cpp</li>
      <li>OK: EQUAL( 0,prun.run(tdog::RUN_TEST, &quot;internal_suite::global_limit_pass&quot;) ) [313]</li>
      <li>Completed: 1 sec</li>
      <li>TEST PASSED</li>
    </ul>
    <p id="anchor_main_suite::global_limit_fail"></p>
    <h3>Test: main_suite::global_limit_fail</h3>
    <ul>
      <li>TEST STARTED: 2014-10-22 01:24:29</li>
      <li>Filename: ..\..\src\main.cpp</li>
      <li>OK: EQUAL( 1,prun.run(tdog::RUN_TEST, &quot;internal_suite::global_limit_fail&quot;) ) [327]</li>
      <li>Completed: 2 sec</li>
      <li>TEST PASSED</li>
    </ul>
    <p id="anchor_main_suite::global_limit_override"></p>
    <h3>Test: main_suite::global_limit_override</h3>
    <ul>
      <li>TEST STARTED: 2014-10-22 01:24:31</li>
      <li>Filename: ..\..\src\main.cpp</li>
      <li>OK: EQUAL( 0,prun.run(tdog::RUN_TEST, &quot;internal_suite::global_limit_override&quot;) ) [341]</li>
      <li>Completed: 2 sec</li>
      <li>TEST PASSED</li>
    </ul>
    <p id="anchor_main_suite::result_states"></p>
    <h3>Test: main_suite::result_states</h3>
    <ul>
      <li>TEST STARTED: 2014-10-22 01:24:33</li>
      <li>Filename: ..\..\src\main.cpp</li>
      <li>OK: EQUAL( 2,prun.run() ) [356]</li>
      <li>OK: EQUAL( tdog::TR_PASSED,prun.test_result(&quot;internal_suite::test_pass&quot;) ) [360]</li>
      <li>OK: EQUAL( tdog::TR_FAILED,prun.test_result(&quot;internal_suite::test_fail&quot;) ) [362]</li>
      <li>OK: EQUAL( tdog::TR_TEST_ERROR,prun.test_result(&quot;internal_suite::test_error&quot;) ) [364]</li>
      <li>OK: EQUAL( tdog::TR_NOT_EXIST,prun.test_result(&quot;internal_suite::_invalid_name_&quot;) ) [366]</li>
      <li>OK: EQUAL( 3,prun.registered_count() ) [369]</li>
      <li>OK: EQUAL( 3,prun.stat_result(tdog::ST_RAN) ) [370]</li>
      <li>OK: EQUAL( 0,prun.stat_result(tdog::ST_SKIPPED) ) [371]</li>
      <li>OK: EQUAL( 1,prun.stat_result(tdog::ST_PASSED) ) [372]</li>
      <li>OK: EQUAL( 1,prun.stat_result(tdog::ST_FAILED) ) [373]</li>
      <li>OK: EQUAL( 1,prun.stat_result(tdog::ST_ERRORS) ) [374]</li>
      <li>Completed: 0 sec</li>
      <li>TEST PASSED</li>
    </ul>
    <p id="anchor_main_suite::disabled_tests"></p>
    <h3>Test: main_suite::disabled_tests</h3>
    <ul>
      <li>TEST STARTED: 2014-10-22 01:24:33</li>
      <li>Filename: ..\..\src\main.cpp</li>
      <li>OK: EQUAL( false,prun.test_enabled(&quot;internal_suite::test_fail&quot;) ) [389]</li>
      <li>OK: EQUAL( -1,prun.run() ) [390]</li>
      <li>OK: EQUAL( 0,prun.stat_result(tdog::ST_RAN) ) [391]</li>
      <li>OK: EQUAL( 3,prun.stat_result(tdog::ST_SKIPPED) ) [392]</li>
      <li>OK: EQUAL( tdog::TR_NOT_RUN,prun.test_result(&quot;internal_suite::test_fail&quot;) ) [394]</li>
      <li>OK: EQUAL( 2,prun.run() ) [398]</li>
      <li>OK: EQUAL( 3,prun.stat_result(tdog::ST_RAN) ) [399]</li>
      <li>OK: EQUAL( 0,prun.stat_result(tdog::ST_SKIPPED) ) [400]</li>
      <li>OK: EQUAL( tdog::TR_FAILED,prun.test_result(&quot;internal_suite::test_fail&quot;) ) [402]</li>
      <li>OK: EQUAL( 1,prun.run() ) [406]</li>
      <li>OK: EQUAL( 2,prun.stat_result(tdog::ST_RAN) ) [407]</li>
      <li>OK: EQUAL( 1,prun.stat_result(tdog::ST_SKIPPED) ) [408]</li>
      <li>OK: EQUAL( tdog::TR_NOT_RUN,prun.test_result(&quot;internal_suite::test_fail&quot;) ) [410]</li>
      <li>OK: EQUAL( false,prun.suite_enabled(&quot;internal_suite&quot;) ) [417]</li>
      <li>OK: EQUAL( -1,prun.run() ) [418]</li>
      <li>OK: EQUAL( 0,prun.stat_result(tdog::ST_RAN) ) [419]</li>
      <li>OK: EQUAL( 3,prun.stat_result(tdog::ST_SKIPPED) ) [420]</li>
      <li>OK: EQUAL( tdog::TR_NOT_RUN,prun.test_result(&quot;internal_suite::test_fail&quot;) ) [422]</li>
      <li>OK: EQUAL( true,prun.suite_enabled(&quot;internal_suite&quot;) ) [426]</li>
      <li>OK: EQUAL( 2,prun.run() ) [427]</li>
      <li>OK: EQUAL( 3,prun.stat_result(tdog::ST_RAN) ) [428]</li>
      <li>OK: EQUAL( 0,prun.stat_result(tdog::ST_SKIPPED) ) [429]</li>
      <li>OK: EQUAL( tdog::TR_FAILED,prun.test_result(&quot;internal_suite::test_fail&quot;) ) [431]</li>
      <li>OK: EQUAL( -1,prun.run() ) [435]</li>
      <li>OK: EQUAL( 0,prun.stat_result(tdog::ST_RAN) ) [436]</li>
      <li>OK: EQUAL( 3,prun.stat_result(tdog::ST_SKIPPED) ) [437]</li>
      <li>OK: EQUAL( tdog::TR_NOT_RUN,prun.test_result(&quot;internal_suite::test_fail&quot;) ) [439]</li>
      <li>Completed: 0 sec</li>
      <li>TEST PASSED</li>
    </ul>
    <p id="anchor_main_suite::text_report_generation"></p>
    <h3>Test: main_suite::text_report_generation</h3>
    <ul>
      <li>TEST STARTED: 2014-10-22 01:24:33</li>
      <li>Filename: ..\..\src\main.cpp</li>
      <li>OK: EQUAL( 0,prun.run() ) [456]</li>
      <li>OK: EQUAL( tdog::RUN_ALL,prun.run_scope() ) [457]</li>
      <li>OK: ASSERT( (rs.size() &gt; 0) ) [463]</li>
      <li>OK: ASSERT( (rs.find(&quot;internal_suite::test_pass&quot;) != std::string::npos) ) [466]</li>
      <li>OK: ASSERT( (rs.find(UNIQUE_REF_STR) == std::string::npos) ) [467]</li>
      <li>OK: ASSERT( (rs.find(&quot;internal_suite::test_fail&quot;) == std::string::npos) ) [468]</li>
      <li>OK: ASSERT( (rs.size() &gt; 0) ) [473]</li>
      <li>OK: ASSERT( (rs.find(&quot;internal_suite::test_pass&quot;) != std::string::npos) ) [476]</li>
      <li>OK: ASSERT( (rs.find(UNIQUE_REF_STR) != std::string::npos) ) [477]</li>
      <li>OK: ASSERT( (rs.find(&quot;internal_suite::test_fail&quot;) != std::string::npos) ) [478]</li>
      <li>OK: ASSERT( (rs.find(&quot;test message&quot;) != std::string::npos) ) [480]</li>
      <li>OK: ASSERT( (rs.find(&quot;integer: 34283, HEX: 0x000085EB, OCT:0102753&quot;) != std::string::npos) ) [482]</li>
      <li>OK: ASSERT( (rs.find(&quot;string: hello\\tworld\\u2312&quot;) != std::string::npos) ) [483]</li>
      <li>Completed: 0 sec</li>
      <li>TEST PASSED</li>
    </ul>
    <p id="anchor_main_suite::html_report_generation"></p>
    <h3>Test: main_suite::html_report_generation</h3>
    <ul>
      <li>TEST STARTED: 2014-10-22 01:24:33</li>
      <li>Filename: ..\..\src\main.cpp</li>
      <li>OK: EQUAL( 0,prun.run() ) [498]</li>
      <li>OK: EQUAL( tdog::RUN_ALL,prun.run_scope() ) [499]</li>
      <li>OK: ASSERT( (rs.size() &gt; 0) ) [505]</li>
      <li>OK: ASSERT( (rs.find(&quot;internal_suite::test_pass&quot;) != std::string::npos) ) [508]</li>
      <li>OK: ASSERT( (rs.find(UNIQUE_REF_STR) == std::string::npos) ) [509]</li>
      <li>OK: ASSERT( (rs.find(&quot;internal_suite::test_fail&quot;) == std::string::npos) ) [510]</li>
      <li>OK: ASSERT( (rs.size() &gt; 0) ) [515]</li>
      <li>OK: ASSERT( (rs.find(&quot;internal_suite::test_pass&quot;) != std::string::npos) ) [518]</li>
      <li>OK: ASSERT( (rs.find(UNIQUE_REF_STR) != std::string::npos) ) [519]</li>
      <li>OK: ASSERT( (rs.find(&quot;internal_suite::test_fail&quot;) != std::string::npos) ) [520]</li>
      <li>Completed: 0 sec</li>
      <li>TEST PASSED</li>
    </ul>
    <p id="anchor_main_suite::assert_throw_ok"></p>
    <h3>Test: main_suite::assert_throw_ok</h3>
    <ul>
      <li>TEST STARTED: 2014-10-22 01:24:33</li>
      <li>Filename: ..\..\src\main.cpp</li>
      <li>OK: ASSERT( throw int(1) ) THROWS: int [556]</li>
      <li>Completed: 0 sec</li>
      <li>TEST PASSED</li>
    </ul>
    <p id="anchor_main_suite::assert_no_throw_ok"></p>
    <h3>Test: main_suite::assert_no_throw_ok</h3>
    <ul>
      <li>TEST STARTED: 2014-10-22 01:24:33</li>
      <li>Filename: ..\..\src\main.cpp</li>
      <li>OK: Assert: &quot;do{}while(false)&quot; DOES NOT THROW [562]</li>
      <li>Completed: 0 sec</li>
      <li>TEST PASSED</li>
    </ul>
    <p id="anchor_main_suite::assert_throw_fail"></p>
    <h3>Test: main_suite::assert_throw_fail</h3>
    <ul>
      <li>TEST STARTED: 2014-10-22 01:24:33</li>
      <li>Filename: ..\..\src\main.cpp</li>
      <li>OK: EQUAL( 1,prun.run(tdog::RUN_TEST, &quot;internal_suite::assert_throw_fail&quot;) ) [576]</li>
      <li>Completed: 0 sec</li>
      <li>TEST PASSED</li>
    </ul>
    <p id="anchor_main_suite::assert_no_throw_fail"></p>
    <h3>Test: main_suite::assert_no_throw_fail</h3>
    <ul>
      <li>TEST STARTED: 2014-10-22 01:24:33</li>
      <li>Filename: ..\..\src\main.cpp</li>
      <li>OK: EQUAL( 1,prun.run(tdog::RUN_TEST, &quot;internal_suite::assert_no_throw_fail&quot;) ) [590]</li>
      <li>Completed: 0 sec</li>
      <li>TEST PASSED</li>
    </ul>
    <p id="anchor_disabled_tests"></p>
    <h2>Disabled Tests</h2>
    <p>NONE</p>
    <p>Test report generated by: TDOG C++ Unit Testing Framework 2.0.1</p>
  </body>
</html>
